<?xml version="1.0"?>
<testResults>
  <FitNesseVersion>v20221219</FitNesseVersion>
  <rootPath>FrontPage.VirtualWarehouse.IntiatingrequestForVirtualWarehouse.TestScriptForOrderingThePartsForProjects</rootPath>
  <result>
    <counts>
      <right>0</right>
      <wrong>0</wrong>
      <ignores>0</ignores>
      <exceptions>6</exceptions>
    </counts>
    <date>2023-07-11T19:07:48+05:30</date>
    <runTimeInMillis>201675</runTimeInMillis>
    <content>&lt;div class="collapsible closed"&gt;&lt;ul&gt;&lt;li&gt;&lt;a href='#' class='expandall'&gt;Expand&lt;/a&gt;&lt;/li&gt;&lt;li&gt;&lt;a href='#' class='collapseall'&gt;Collapse&lt;/a&gt;&lt;/li&gt;&lt;/ul&gt;
	&lt;p class="title"&gt;Included page: &lt;a href="ScenarioLibrary"&gt;.ScenarioLibrary&lt;/a&gt; &lt;a href="ScenarioLibrary?edit&amp;amp;redirectToReferer=true&amp;amp;redirectAction=" class="edit"&gt;(edit)&lt;/a&gt;&lt;/p&gt;
	&lt;div&gt;&lt;h2 id="0"&gt;These scenarios will be accessible to all test cases in the the FitNesseRoot folder. If you are using a different FitNesseRoot Folder, make sure to copy these files if using any setup scenarios.&lt;/h2&gt;
&lt;br/&gt;&lt;h3 id="1"&gt;Update these variables for your specific test environment&lt;/h3&gt;
&lt;br/&gt;&lt;div class="collapsible"&gt;&lt;ul&gt;&lt;li&gt;&lt;a href='#' class='expandall'&gt;Expand&lt;/a&gt;&lt;/li&gt;&lt;li&gt;&lt;a href='#' class='collapseall'&gt;Collapse&lt;/a&gt;&lt;/li&gt;&lt;/ul&gt;
	&lt;p class="title"&gt;Variables for Scenarios&lt;/p&gt;
	&lt;div&gt;Default browser can be &lt;b&gt;FIREFOX&lt;/b&gt; or &lt;b&gt;CHROME&lt;/b&gt;&lt;br/&gt;&lt;span class="meta"&gt;variable defined: defaultBrowser=FIREFOX&lt;/span&gt;
&lt;br/&gt;&lt;br/&gt;Default Version can be any supported Appian Version in &lt;b&gt;xx.x&lt;/b&gt; format from (21.2 - 23.2)&lt;br/&gt;&lt;span class="meta"&gt;variable defined: defaultVersion=23.2&lt;/span&gt;
&lt;br/&gt;&lt;br/&gt;Default Locale can be &lt;b&gt;en_US&lt;/b&gt; or &lt;b&gt;en_GB&lt;/b&gt;&lt;br/&gt;&lt;span class="meta"&gt;variable defined: defaultLocale=en_US&lt;/span&gt;
&lt;br/&gt;&lt;br/&gt;Default URL should include http or https and /suite (e.g. &lt;b&gt;https://forum.appian.com/suite&lt;/b&gt; )&lt;br/&gt;&lt;span class="meta"&gt;variable defined: defaultUrl=REPLACE_APPIAN_URL&lt;/span&gt;
&lt;br/&gt;&lt;/div&gt;
&lt;/div&gt;
&lt;br/&gt;&lt;h3 id="2"&gt;To use out of the box functionality, do not update the scenarios below&lt;/h3&gt;
&lt;br/&gt;&lt;div class="collapsible"&gt;&lt;ul&gt;&lt;li&gt;&lt;a href='#' class='expandall'&gt;Expand&lt;/a&gt;&lt;/li&gt;&lt;li&gt;&lt;a href='#' class='collapseall'&gt;Collapse&lt;/a&gt;&lt;/li&gt;&lt;/ul&gt;
	&lt;p class="title"&gt;Setup customizable for browser, locale, version, and URL&lt;/p&gt;
	&lt;div&gt;&lt;table&gt;
	&lt;tr class="slimRowTitle"&gt;
		&lt;td&gt;scenario&lt;/td&gt;
		&lt;td&gt;setup for test script for browser&lt;/td&gt;
		&lt;td&gt;browserType&lt;/td&gt;
		&lt;td&gt;locale&lt;/td&gt;
		&lt;td&gt;location&lt;/td&gt;
		&lt;td&gt;version&lt;/td&gt;
		&lt;td&gt;versionNum&lt;/td&gt;
		&lt;td&gt;url&lt;/td&gt;
		&lt;td&gt;appianUrl&lt;/td&gt;
	&lt;/tr&gt;
	&lt;tr class="slimRowColor1"&gt;
		&lt;td&gt;setup with browser&lt;/td&gt;
		&lt;td colspan="8"&gt;@browserType&lt;/td&gt;
	&lt;/tr&gt;
	&lt;tr class="slimRowColor2"&gt;
		&lt;td&gt;set appian locale to&lt;/td&gt;
		&lt;td colspan="8"&gt;@location&lt;/td&gt;
	&lt;/tr&gt;
	&lt;tr class="slimRowColor2"&gt;
		&lt;td&gt;set appian version to&lt;/td&gt;
		&lt;td colspan="8"&gt;@versionNum&lt;/td&gt;
	&lt;/tr&gt;
	&lt;tr class="slimRowColor7"&gt;
		&lt;td&gt;set appian url to&lt;/td&gt;
		&lt;td colspan="8"&gt;@appianUrl&lt;/td&gt;
	&lt;/tr&gt;
	&lt;tr class="slimRowColor1"&gt;
		&lt;td&gt;set timeout seconds to&lt;/td&gt;
		&lt;td colspan="8"&gt;20&lt;/td&gt;
	&lt;/tr&gt;
	&lt;tr class="slimRowColor9"&gt;
		&lt;td colspan="9"&gt;set start datetime&lt;/td&gt;
	&lt;/tr&gt;
&lt;/table&gt;
&lt;/div&gt;
&lt;/div&gt;
&lt;br/&gt;&lt;div class="collapsible"&gt;&lt;ul&gt;&lt;li&gt;&lt;a href='#' class='expandall'&gt;Expand&lt;/a&gt;&lt;/li&gt;&lt;li&gt;&lt;a href='#' class='collapseall'&gt;Collapse&lt;/a&gt;&lt;/li&gt;&lt;/ul&gt;
	&lt;p class="title"&gt;Scenario - Setup using default values&lt;/p&gt;
	&lt;div&gt;&lt;table&gt;
	&lt;tr class="slimRowTitle"&gt;
		&lt;td&gt;scenario&lt;/td&gt;
		&lt;td colspan="7"&gt;setup for test script&lt;/td&gt;
	&lt;/tr&gt;
	&lt;tr class="slimRowColor6"&gt;
		&lt;td&gt;setup for test script for browser&lt;/td&gt;
		&lt;td&gt;FIREFOX&lt;/td&gt;
		&lt;td&gt;locale&lt;/td&gt;
		&lt;td&gt;en_US&lt;/td&gt;
		&lt;td&gt;version&lt;/td&gt;
		&lt;td&gt;23.2&lt;/td&gt;
		&lt;td&gt;url&lt;/td&gt;
		&lt;td&gt;REPLACE_APPIAN_URL&lt;/td&gt;
	&lt;/tr&gt;
&lt;/table&gt;
&lt;/div&gt;
&lt;/div&gt;
&lt;/div&gt;
&lt;/div&gt;
&lt;br/&gt;&lt;div class="collapsible closed"&gt;&lt;ul&gt;&lt;li&gt;&lt;a href='#' class='expandall'&gt;Expand&lt;/a&gt;&lt;/li&gt;&lt;li&gt;&lt;a href='#' class='collapseall'&gt;Collapse&lt;/a&gt;&lt;/li&gt;&lt;/ul&gt;
	&lt;p class="title"&gt;&lt;span class="fitnesse"&gt;FitNesse&lt;/span&gt; Configurations&lt;/p&gt;
	&lt;div&gt;&lt;br/&gt;&lt;span class="meta"&gt;variable defined: TEST_SYSTEM=slim&lt;/span&gt;
&lt;br/&gt;&lt;span class="meta"&gt;variable defined: COMMAND_PATTERN=java -Dlog4j.configuration=file:///${automated.testing.home}/log4j.properties -cp %p %m&lt;/span&gt;
&lt;br/&gt;&lt;span class="meta"&gt;classpath: C:\FinalFitnesse/**.jar&lt;/span&gt;&lt;br/&gt;&lt;/div&gt;
&lt;/div&gt;
&lt;hr/&gt;
&lt;br/&gt;&lt;h3 id="0"&gt;&lt;b&gt;Please follow the directions below to execute the test&lt;/b&gt;&lt;/h3&gt;
&lt;hr/&gt;
&lt;br/&gt;&lt;ol&gt;
	&lt;li&gt;If your TESTING_HOME is located somewhere other than C:\FinalFitnesse, update &lt;i&gt;automated.testing.home&lt;/i&gt; in TESTING_HOME/configs/custom.properties&lt;ul&gt;
	&lt;li&gt;For more information look at &lt;a href="FitNesseForAppian.Documentation.Administration.ChangeFitnesseForAppianInstallationDirectory"&gt;Changing FitNesse for Appian installation directory&lt;/a&gt;.&lt;/li&gt;
&lt;/ul&gt;
&lt;/li&gt;
	&lt;li&gt;Click "Edit" at the top of this page and update the following fields in the "Initialization and Login" block below&lt;ul&gt;
	&lt;li&gt;Replace &lt;i&gt;APPIAN_URL&lt;/i&gt; with Appian URL, beginning with &lt;a href="https://"&gt;https://&lt;/a&gt; and including /suite at the end (e.g. &lt;a href="https://forum.appian.com/suite)"&gt;https://forum.appian.com/suite)&lt;/a&gt;&lt;/li&gt;
	&lt;li&gt;Replace &lt;i&gt;APPIAN_VERSION&lt;/i&gt; with a supported version from (21.2 - 23.1)&lt;/li&gt;
	&lt;li&gt;Replace &lt;i&gt;APPIAN_LOCALE&lt;/i&gt; with (en_US or en_GB) to handle differences in how dates are displayed&lt;/li&gt;
	&lt;li&gt;Replace &lt;i&gt;APPIAN_USERNAME&lt;/i&gt; with a valid username for Appian URL above&lt;/li&gt;
	&lt;li&gt;Open C:\FinalFitnesse/configs/users.properties and add a line for the above username that is of the form username=password (e.g. test.user=password)&lt;/li&gt;
&lt;/ul&gt;
&lt;/li&gt;
	&lt;li&gt;Click "Test" at the top of this page&lt;/li&gt;
&lt;/ol&gt;
&lt;hr/&gt;
&lt;br/&gt;&lt;div class="collapsible"&gt;&lt;ul&gt;&lt;li&gt;&lt;a href='#' class='expandall'&gt;Expand&lt;/a&gt;&lt;/li&gt;&lt;li&gt;&lt;a href='#' class='collapseall'&gt;Collapse&lt;/a&gt;&lt;/li&gt;&lt;/ul&gt;
	&lt;p class="title"&gt;Initialization and Login to Tempo&lt;/p&gt;
	&lt;div&gt;&lt;br/&gt;&lt;table&gt;
	&lt;tr class="slimRowTitle"&gt;
		&lt;td&gt;script&lt;/td&gt;
		&lt;td colspan="2"&gt;&lt;span class="pass"&gt;com.appiancorp.ps.automatedtest.fixture.SitesFixture&lt;/span&gt;&lt;/td&gt;
	&lt;/tr&gt;
	&lt;tr class="slimRowColor7"&gt;
		&lt;td&gt;setup with&lt;/td&gt;
		&lt;td&gt;CHROME&lt;/td&gt;
		&lt;td&gt;browser&lt;/td&gt;
	&lt;/tr&gt;
	&lt;tr class="slimRowColor7"&gt;
		&lt;td&gt;set appian url to&lt;/td&gt;
		&lt;td colspan="2"&gt;https://appiancoe.vuram.com/suite/sites/as_virtualwarehouse/page/order-parts&lt;/td&gt;
	&lt;/tr&gt;
	&lt;tr class="slimRowColor2"&gt;
		&lt;td&gt;set appian version to&lt;/td&gt;
		&lt;td colspan="2"&gt;23.2&lt;/td&gt;
	&lt;/tr&gt;
	&lt;tr class="slimRowColor2"&gt;
		&lt;td&gt;set appian locale to&lt;/td&gt;
		&lt;td colspan="2"&gt;en_US&lt;/td&gt;
	&lt;/tr&gt;
	&lt;tr class="slimRowColor9"&gt;
		&lt;td&gt;login with username&lt;/td&gt;
		&lt;td colspan="2"&gt;Virtualuser&lt;/td&gt;
	&lt;/tr&gt;
&lt;/table&gt;
&lt;br/&gt;&lt;/div&gt;
&lt;/div&gt;
&lt;table&gt;
	&lt;tr class="slimRowTitle"&gt;
		&lt;td colspan="9"&gt;script&lt;/td&gt;
	&lt;/tr&gt;
	&lt;tr class="slimRowColor9"&gt;
		&lt;td&gt;click on checkbox option&lt;/td&gt;
		&lt;td colspan="8"&gt;[1]&lt;/td&gt;
	&lt;/tr&gt;
	&lt;tr class="slimRowColor2"&gt;
		&lt;td&gt;populate field&lt;/td&gt;
		&lt;td&gt;Product Group&lt;/td&gt;
		&lt;td&gt;with value&lt;/td&gt;
		&lt;td colspan="6"&gt;Gops&lt;/td&gt;
	&lt;/tr&gt;
	&lt;tr class="slimRowColor7"&gt;
		&lt;td&gt;click on radio option&lt;/td&gt;
		&lt;td colspan="8"&gt;1020&lt;/td&gt;
	&lt;/tr&gt;
	&lt;tr class="slimRowColor7"&gt;
		&lt;td&gt;click on radio option&lt;/td&gt;
		&lt;td colspan="8"&gt;640200&lt;/td&gt;
	&lt;/tr&gt;
	&lt;tr class="slimRowColor6"&gt;
		&lt;td&gt;wait for&lt;/td&gt;
		&lt;td&gt;5&lt;/td&gt;
		&lt;td colspan="7"&gt;seconds&lt;/td&gt;
	&lt;/tr&gt;
	&lt;tr class="slimRowColor2"&gt;
		&lt;td&gt;populate field&lt;/td&gt;
		&lt;td&gt;IO&lt;/td&gt;
		&lt;td&gt;with&lt;/td&gt;
		&lt;td&gt;[2]&lt;/td&gt;
		&lt;td colspan="5"&gt;partially matching picker field suggestion&lt;/td&gt;
	&lt;/tr&gt;
	&lt;tr class="slimRowColor6"&gt;
		&lt;td&gt;wait for&lt;/td&gt;
		&lt;td&gt;5&lt;/td&gt;
		&lt;td colspan="7"&gt;seconds&lt;/td&gt;
	&lt;/tr&gt;
	&lt;tr class="slimRowColor2"&gt;
		&lt;td&gt;populate field&lt;/td&gt;
		&lt;td&gt;CC&lt;/td&gt;
		&lt;td&gt;with&lt;/td&gt;
		&lt;td&gt;[1]&lt;/td&gt;
		&lt;td colspan="5"&gt;partially matching picker field suggestion&lt;/td&gt;
	&lt;/tr&gt;
	&lt;tr class="slimRowColor6"&gt;
		&lt;td&gt;wait for&lt;/td&gt;
		&lt;td&gt;5&lt;/td&gt;
		&lt;td colspan="7"&gt;seconds&lt;/td&gt;
	&lt;/tr&gt;
	&lt;tr class="slimRowColor2"&gt;
		&lt;td&gt;populate field&lt;/td&gt;
		&lt;td&gt;Short Order Description&lt;/td&gt;
		&lt;td&gt;with value&lt;/td&gt;
		&lt;td colspan="6"&gt;Testing inthe folder is the first step&lt;/td&gt;
	&lt;/tr&gt;
	&lt;tr class="slimRowColor9"&gt;
		&lt;td&gt;click on checkbox option&lt;/td&gt;
		&lt;td colspan="8"&gt;[1]&lt;/td&gt;
	&lt;/tr&gt;
	&lt;tr class="slimRowColor6"&gt;
		&lt;td&gt;wait for&lt;/td&gt;
		&lt;td&gt;5&lt;/td&gt;
		&lt;td colspan="7"&gt;seconds&lt;/td&gt;
	&lt;/tr&gt;
	&lt;tr class="slimRowColor9"&gt;
		&lt;td&gt;click on checkbox option&lt;/td&gt;
		&lt;td colspan="8"&gt;[2]&lt;/td&gt;
	&lt;/tr&gt;
	&lt;tr class="slimRowColor6"&gt;
		&lt;td&gt;wait for&lt;/td&gt;
		&lt;td&gt;5&lt;/td&gt;
		&lt;td colspan="7"&gt;seconds&lt;/td&gt;
	&lt;/tr&gt;
	&lt;tr class="slimRowColor9"&gt;
		&lt;td&gt;click on checkbox option&lt;/td&gt;
		&lt;td colspan="8"&gt;[1]&lt;/td&gt;
	&lt;/tr&gt;
	&lt;tr class="slimRowColor4"&gt;
		&lt;td&gt;$deliver&amp;lt;-[aiUgfAvbXiQRXVaUlCId]&lt;/td&gt;
		&lt;td&gt;get random alphabet string&lt;/td&gt;
		&lt;td colspan="7"&gt;20&lt;/td&gt;
	&lt;/tr&gt;
	&lt;tr class="slimRowColor2"&gt;
		&lt;td&gt;populate field&lt;/td&gt;
		&lt;td&gt;Deliver To&lt;/td&gt;
		&lt;td&gt;with value&lt;/td&gt;
		&lt;td colspan="6"&gt;$deliver-&gt;[aiUgfAvbXiQRXVaUlCId]&lt;/td&gt;
	&lt;/tr&gt;
	&lt;tr class="slimRowColor3"&gt;
		&lt;td&gt;$title&amp;lt;-[12]&lt;/td&gt;
		&lt;td&gt;get random integer from&lt;/td&gt;
		&lt;td&gt;1&lt;/td&gt;
		&lt;td&gt;to&lt;/td&gt;
		&lt;td colspan="5"&gt;100&lt;/td&gt;
	&lt;/tr&gt;
	&lt;tr class="slimRowColor2"&gt;
		&lt;td&gt;populate field&lt;/td&gt;
		&lt;td&gt;Building&lt;/td&gt;
		&lt;td&gt;with value&lt;/td&gt;
		&lt;td colspan="6"&gt;$title-&gt;[12]&lt;/td&gt;
	&lt;/tr&gt;
	&lt;tr class="slimRowColor7"&gt;
		&lt;td&gt;$office&amp;lt;-[wuJsDaldTUYwFmEtpAvzxtDHshJDWpMWxoFuCkJmjkWvVQcPuH]&lt;/td&gt;
		&lt;td&gt;get random alphabet string&lt;/td&gt;
		&lt;td colspan="7"&gt;50&lt;/td&gt;
	&lt;/tr&gt;
	&lt;tr class="slimRowColor2"&gt;
		&lt;td&gt;populate field&lt;/td&gt;
		&lt;td&gt;Cube/Office/Lab Location&lt;/td&gt;
		&lt;td&gt;with value&lt;/td&gt;
		&lt;td colspan="6"&gt;$office-&gt;[wuJsDaldTUYwFmEtpAvzxtDHshJDWpMWxoFuCkJmjkWvVQcPuH]&lt;/td&gt;
	&lt;/tr&gt;
	&lt;tr class="slimRowColor4"&gt;
		&lt;td colspan="9"&gt;wait for progress bar&lt;/td&gt;
	&lt;/tr&gt;
	&lt;tr class="slimRowColor8"&gt;
		&lt;td&gt;populate grid&lt;/td&gt;
		&lt;td&gt;[1]&lt;/td&gt;
		&lt;td&gt;column&lt;/td&gt;
		&lt;td&gt;[2]&lt;/td&gt;
		&lt;td&gt;row&lt;/td&gt;
		&lt;td&gt;[1]&lt;/td&gt;
		&lt;td&gt;with&lt;/td&gt;
		&lt;td&gt;[5]&lt;/td&gt;
		&lt;td&gt;partially matching picker field suggestion&lt;/td&gt;
	&lt;/tr&gt;
	&lt;tr class="slimRowColor8"&gt;
		&lt;td&gt;populate grid&lt;/td&gt;
		&lt;td&gt;[1]&lt;/td&gt;
		&lt;td&gt;column&lt;/td&gt;
		&lt;td&gt;[10]&lt;/td&gt;
		&lt;td&gt;row&lt;/td&gt;
		&lt;td&gt;[1]&lt;/td&gt;
		&lt;td&gt;with&lt;/td&gt;
		&lt;td colspan="2"&gt;Stock&lt;/td&gt;
	&lt;/tr&gt;
	&lt;tr class="slimRowColor8"&gt;
		&lt;td&gt;populate grid&lt;/td&gt;
		&lt;td&gt;[1]&lt;/td&gt;
		&lt;td&gt;column&lt;/td&gt;
		&lt;td&gt;[6]&lt;/td&gt;
		&lt;td&gt;row&lt;/td&gt;
		&lt;td&gt;[1]&lt;/td&gt;
		&lt;td&gt;with&lt;/td&gt;
		&lt;td colspan="2"&gt;3&lt;/td&gt;
	&lt;/tr&gt;
	&lt;tr class="slimRowColor8"&gt;
		&lt;td&gt;populate grid &lt;span class="error"&gt;An error has occurred: Populate Field -  - !today (mm/dd/yyyy)&lt;/span&gt;&lt;/td&gt;
		&lt;td&gt;[1]&lt;/td&gt;
		&lt;td&gt;column&lt;/td&gt;
		&lt;td&gt;[7]&lt;/td&gt;
		&lt;td&gt;row&lt;/td&gt;
		&lt;td&gt;[1]&lt;/td&gt;
		&lt;td&gt;with&lt;/td&gt;
		&lt;td colspan="2"&gt;!today (mm/dd/yyyy)&lt;/td&gt;
	&lt;/tr&gt;
	&lt;tr class="slimRowColor3"&gt;
		&lt;td&gt;click on link&lt;/td&gt;
		&lt;td colspan="8"&gt;Add parts&lt;/td&gt;
	&lt;/tr&gt;
	&lt;tr class="slimRowColor8"&gt;
		&lt;td&gt;populate grid &lt;span class="error"&gt;Timeout period reached: Populate Field -  - 3&lt;/span&gt;&lt;/td&gt;
		&lt;td&gt;[1]&lt;/td&gt;
		&lt;td&gt;column&lt;/td&gt;
		&lt;td&gt;[2]&lt;/td&gt;
		&lt;td&gt;row&lt;/td&gt;
		&lt;td&gt;[2]&lt;/td&gt;
		&lt;td&gt;with&lt;/td&gt;
		&lt;td&gt;[3]&lt;/td&gt;
		&lt;td&gt;partially matching picker field suggestion&lt;/td&gt;
	&lt;/tr&gt;
	&lt;tr class="slimRowColor8"&gt;
		&lt;td&gt;populate grid&lt;/td&gt;
		&lt;td&gt;[1]&lt;/td&gt;
		&lt;td&gt;column&lt;/td&gt;
		&lt;td&gt;[6]&lt;/td&gt;
		&lt;td&gt;row&lt;/td&gt;
		&lt;td&gt;[2]&lt;/td&gt;
		&lt;td&gt;with&lt;/td&gt;
		&lt;td colspan="2"&gt;4&lt;/td&gt;
	&lt;/tr&gt;
	&lt;tr class="slimRowColor8"&gt;
		&lt;td&gt;populate grid&lt;/td&gt;
		&lt;td&gt;[1]&lt;/td&gt;
		&lt;td&gt;column&lt;/td&gt;
		&lt;td&gt;[7]&lt;/td&gt;
		&lt;td&gt;row&lt;/td&gt;
		&lt;td&gt;[2]&lt;/td&gt;
		&lt;td&gt;with&lt;/td&gt;
		&lt;td colspan="2"&gt;07/13/2023&lt;/td&gt;
	&lt;/tr&gt;
	&lt;tr class="slimRowColor8"&gt;
		&lt;td&gt;populate grid&lt;/td&gt;
		&lt;td&gt;[1]&lt;/td&gt;
		&lt;td&gt;column&lt;/td&gt;
		&lt;td&gt;[10]&lt;/td&gt;
		&lt;td&gt;row&lt;/td&gt;
		&lt;td&gt;[2]&lt;/td&gt;
		&lt;td&gt;with&lt;/td&gt;
		&lt;td colspan="2"&gt;Stock&lt;/td&gt;
	&lt;/tr&gt;
	&lt;tr class="slimRowColor6"&gt;
		&lt;td&gt;wait for&lt;/td&gt;
		&lt;td&gt;30&lt;/td&gt;
		&lt;td colspan="7"&gt;seconds&lt;/td&gt;
	&lt;/tr&gt;
	&lt;tr class="slimRowColor1"&gt;
		&lt;td&gt;click on button&lt;/td&gt;
		&lt;td colspan="8"&gt;[6]&lt;/td&gt;
	&lt;/tr&gt;
	&lt;tr class="slimRowColor7"&gt;
		&lt;td&gt;verify confirmation dialog header &lt;span class="error"&gt;Timeout period reached: Wait for confirmation dialog with type header and text Your order have been submitted successfully&lt;/span&gt;&lt;/td&gt;
		&lt;td&gt;Your order have been submitted successfully&lt;/td&gt;
		&lt;td colspan="7"&gt;is present&lt;/td&gt;
	&lt;/tr&gt;
	&lt;tr class="slimRowColor1"&gt;
		&lt;td&gt;verify confirmation dialog message &lt;span class="error"&gt;Timeout period reached: Wait for confirmation dialog with type message and text OrderReference Number&lt;/span&gt;&lt;/td&gt;
		&lt;td&gt;OrderReference Number&lt;/td&gt;
		&lt;td colspan="7"&gt;is present&lt;/td&gt;
	&lt;/tr&gt;
	&lt;tr class="slimRowColor1"&gt;
		&lt;td&gt;click on button &lt;span class="error"&gt;Timeout period reached: Wait for Button - ok&lt;/span&gt;&lt;/td&gt;
		&lt;td colspan="8"&gt;ok&lt;/td&gt;
	&lt;/tr&gt;
	&lt;tr class="slimRowColor5"&gt;
		&lt;td&gt;navigate to site&lt;/td&gt;
		&lt;td colspan="8"&gt;https://appiancoe.vuram.com/suite/sites/as_virtualwarehouse/page/virtual-warehouse&lt;/td&gt;
	&lt;/tr&gt;
&lt;/table&gt;
&lt;br/&gt;&lt;br/&gt;&lt;br/&gt;***!&lt;br/&gt;&lt;div class="collapsible"&gt;&lt;ul&gt;&lt;li&gt;&lt;a href='#' class='expandall'&gt;Expand&lt;/a&gt;&lt;/li&gt;&lt;li&gt;&lt;a href='#' class='collapseall'&gt;Collapse&lt;/a&gt;&lt;/li&gt;&lt;/ul&gt;
	&lt;p class="title"&gt;Log out and tear down&lt;/p&gt;
	&lt;div&gt;&lt;br/&gt;&lt;table&gt;
	&lt;tr class="slimRowTitle"&gt;
		&lt;td&gt;script&lt;/td&gt;
	&lt;/tr&gt;
	&lt;tr class="slimRowColor6"&gt;
		&lt;td&gt;&lt;table&gt;&lt;tr class="exception closed"&gt;&lt;td&gt; &lt;span class="error"&gt;logout&lt;/span&gt;&lt;/td&gt;&lt;/tr&gt;&lt;tr class="exception-detail closed-detail"&gt;&lt;td&gt;__EXCEPTION__:org.openqa.selenium.NoSuchElementException: no such element: Unable to locate element: {"method":"xpath","selector":"//a[contains(@aria-label,'User options') and ancestor::nav[not(contains(@class, 'hidden'))]]"}
  (Session info: chrome=114.0.5735.199)
For documentation on this error, please visit: https://selenium.dev/exceptions/#no_such_element
Build info: version: '4.8.2', revision: '826dbfc730'
System info: os.name: 'Windows 10', os.arch: 'amd64', os.version: '10.0', java.version: '1.8.0_301'
Driver info: org.openqa.selenium.chrome.ChromeDriver
Command: [5f649130dcba3c67222f550b5cef8d83, findElement {using=xpath, value=//a[contains(@aria-label,'User options') and ancestor::nav[not(contains(@class, 'hidden'))]]}]
Capabilities {acceptInsecureCerts: false, browserName: chrome, browserVersion: 114.0.5735.199, chrome: {chromedriverVersion: 114.0.5735.90 (386bc09e8f4f..., userDataDir: C:\Users\LAXMID~1\AppData\L...}, goog:chromeOptions: {debuggerAddress: localhost:54590}, networkConnectionEnabled: false, pageLoadStrategy: normal, platformName: WINDOWS, proxy: Proxy(), se:cdp: ws://localhost:54590/devtoo..., se:cdpVersion: 114.0.5735.199, setWindowRect: true, strictFileInteractability: false, timeouts: {implicit: 0, pageLoad: 300000, script: 30000}, unhandledPromptBehavior: dismiss and notify, webauthn:extension:credBlob: true, webauthn:extension:largeBlob: true, webauthn:extension:minPinLength: true, webauthn:extension:prf: true, webauthn:virtualAuthenticators: true}
Session ID: 5f649130dcba3c67222f550b5cef8d83
	at sun.reflect.GeneratedConstructorAccessor20.newInstance(Unknown Source) [n/a]
	at sun.reflect.DelegatingConstructorAccessorImpl.newInstance(Unknown Source) [rt.jar:1.8.0_301]
	at java.lang.reflect.Constructor.newInstance(Unknown Source) [rt.jar:1.8.0_301]
	at org.openqa.selenium.remote.codec.w3c.W3CHttpResponseCodec.createException(W3CHttpResponseCodec.java:200) [selenium-remote-driver-4.8.2.jar]
	at org.openqa.selenium.remote.codec.w3c.W3CHttpResponseCodec.decode(W3CHttpResponseCodec.java:133) [selenium-remote-driver-4.8.2.jar]
	at org.openqa.selenium.remote.codec.w3c.W3CHttpResponseCodec.decode(W3CHttpResponseCodec.java:53) [selenium-remote-driver-4.8.2.jar]
	at org.openqa.selenium.remote.HttpCommandExecutor.execute(HttpCommandExecutor.java:193) [selenium-remote-driver-4.8.2.jar]
	at org.openqa.selenium.remote.service.DriverCommandExecutor.invokeExecute(DriverCommandExecutor.java:183) [selenium-remote-driver-4.8.2.jar]
	at org.openqa.selenium.remote.service.DriverCommandExecutor.execute(DriverCommandExecutor.java:158) [selenium-remote-driver-4.8.2.jar]
	at org.openqa.selenium.remote.RemoteWebDriver.execute(RemoteWebDriver.java:543) [selenium-remote-driver-4.8.2.jar]
	at org.openqa.selenium.remote.ElementLocation$ElementFinder$2.findElement(ElementLocation.java:162) [selenium-remote-driver-4.8.2.jar]
	at org.openqa.selenium.remote.ElementLocation.findElement(ElementLocation.java:60) [selenium-remote-driver-4.8.2.jar]
	at org.openqa.selenium.remote.RemoteWebDriver.findElement(RemoteWebDriver.java:352) [selenium-remote-driver-4.8.2.jar]
	at org.openqa.selenium.remote.RemoteWebDriver.findElement(RemoteWebDriver.java:344) [selenium-remote-driver-4.8.2.jar]
	at com.appiancorp.ps.automatedtest.site.SitePage.logout(SitePage.java:152) [appian-selenium-api-23.2.1.jar]
	at com.appiancorp.ps.automatedtest.fixture.SitesFixture.logout(SitesFixture.java:87) [appian-selenium-api-23.2.1.jar]
	at sun.reflect.NativeMethodAccessorImpl.invoke0(Native Method) [rt.jar:1.8.0_301]
	at sun.reflect.NativeMethodAccessorImpl.invoke(Unknown Source) [rt.jar:1.8.0_301]
	at sun.reflect.DelegatingMethodAccessorImpl.invoke(Unknown Source) [rt.jar:1.8.0_301]
	at java.lang.reflect.Method.invoke(Unknown Source) [rt.jar:1.8.0_301]
	at fitnesse.slim.fixtureInteraction.SimpleInteraction.methodInvoke(SimpleInteraction.java:322) [fitnesse-20221219-standalone.jar:20221219]
	at fitnesse.slim.fixtureInteraction.SimpleInteraction.callMethod(SimpleInteraction.java:307) [fitnesse-20221219-standalone.jar:20221219]
	at fitnesse.slim.fixtureInteraction.SimpleInteraction.invokeMethod(SimpleInteraction.java:290) [fitnesse-20221219-standalone.jar:20221219]
	at fitnesse.slim.fixtureInteraction.SimpleInteraction.findAndInvoke(SimpleInteraction.java:217) [fitnesse-20221219-standalone.jar:20221219]
	at fitnesse.slim.MethodExecutor.findAndInvoke(MethodExecutor.java:18) [fitnesse-20221219-standalone.jar:20221219]
	at fitnesse.slim.FixtureMethodExecutor.execute(FixtureMethodExecutor.java:18) [fitnesse-20221219-standalone.jar:20221219]
	at fitnesse.slim.StatementExecutor.getMethodExecutionResult(StatementExecutor.java:139) [fitnesse-20221219-standalone.jar:20221219]
	at fitnesse.slim.StatementExecutor.call(StatementExecutor.java:112) [fitnesse-20221219-standalone.jar:20221219]
	at fitnesse.slim.instructions.CallAndOptionalAssignInstruction.executeInternal(CallAndOptionalAssignInstruction.java:30) [fitnesse-20221219-standalone.jar:20221219]
	at fitnesse.slim.instructions.Instruction.execute(Instruction.java:29) [fitnesse-20221219-standalone.jar:20221219]
	at fitnesse.slim.ListExecutor$Executive.executeStatement(ListExecutor.java:49) [fitnesse-20221219-standalone.jar:20221219]
	at fitnesse.slim.ListExecutor$Executive.executeStatements(ListExecutor.java:43) [fitnesse-20221219-standalone.jar:20221219]
	at fitnesse.slim.ListExecutor.execute(ListExecutor.java:85) [fitnesse-20221219-standalone.jar:20221219]
	at fitnesse.slim.SlimServer.executeInstructions(SlimServer.java:84) [fitnesse-20221219-standalone.jar:20221219]
	at fitnesse.slim.SlimServer.processOneSetOfInstructions(SlimServer.java:77) [fitnesse-20221219-standalone.jar:20221219]
	at fitnesse.slim.SlimServer.tryProcessInstructions(SlimServer.java:64) [fitnesse-20221219-standalone.jar:20221219]
	at fitnesse.slim.SlimServer.serve(SlimServer.java:49) [fitnesse-20221219-standalone.jar:20221219]
	at fitnesse.slim.SlimService.handle(SlimService.java:169) [fitnesse-20221219-standalone.jar:20221219]
	at fitnesse.slim.SlimService.acceptOne(SlimService.java:177) [fitnesse-20221219-standalone.jar:20221219]
	at fitnesse.slim.SlimService.accept(SlimService.java:139) [fitnesse-20221219-standalone.jar:20221219]
	at fitnesse.slim.SlimService.startWithFactory(SlimService.java:92) [fitnesse-20221219-standalone.jar:20221219]
	at fitnesse.slim.SlimService.main(SlimService.java:57) [fitnesse-20221219-standalone.jar:20221219]&lt;/td&lt;/tr&gt;&lt;/table&gt;&lt;/td&gt;
	&lt;/tr&gt;
	&lt;tr class="slimRowColor0"&gt;
		&lt;td&gt;tear down&lt;/td&gt;
	&lt;/tr&gt;
&lt;/table&gt;
&lt;/div&gt;
&lt;/div&gt;
</content>
    <relativePageName>TestScriptForOrderingThePartsForProjects</relativePageName>
    <instructions>
      <instructionResult>
        <instruction>{id='scriptTable_2_0', instruction='make', instanceName='scriptTableActor', className='com.appiancorp.ps.automatedtest.fixture.SitesFixture', args=[]}</instruction>
        <slimResult>pass(com.appiancorp.ps.automatedtest.fixture.SitesFixture)</slimResult>
        <expectation>
          <status>pass</status>
          <instructionId>scriptTable_2_0</instructionId>
          <col>1</col>
          <row>0</row>
          <type>ConstructionExpectation</type>
          <evaluationMessage>com.appiancorp.ps.automatedtest.fixture.SitesFixture</evaluationMessage>
        </expectation>
      </instructionResult>
      <instructionResult>
        <instruction>{id='scriptTable_2_1', instruction='call', instanceName='scriptTableActor', methodName='setupWithBrowser', args=[CHROME]}</instruction>
        <slimResult></slimResult>
        <expectation>
          <instructionId>scriptTable_2_1</instructionId>
          <col>0</col>
          <row>1</row>
          <type>ScriptActionExpectation</type>
        </expectation>
      </instructionResult>
      <instructionResult>
        <instruction>{id='scriptTable_2_2', instruction='call', instanceName='scriptTableActor', methodName='setAppianUrlTo', args=[https://appiancoe.vuram.com/suite/sites/as_virtualwarehouse/page/order-parts]}</instruction>
        <slimResult></slimResult>
        <expectation>
          <instructionId>scriptTable_2_2</instructionId>
          <col>0</col>
          <row>2</row>
          <type>ScriptActionExpectation</type>
        </expectation>
      </instructionResult>
      <instructionResult>
        <instruction>{id='scriptTable_2_3', instruction='call', instanceName='scriptTableActor', methodName='setAppianVersionTo', args=[23.2]}</instruction>
        <slimResult></slimResult>
        <expectation>
          <instructionId>scriptTable_2_3</instructionId>
          <col>0</col>
          <row>3</row>
          <type>ScriptActionExpectation</type>
        </expectation>
      </instructionResult>
      <instructionResult>
        <instruction>{id='scriptTable_2_4', instruction='call', instanceName='scriptTableActor', methodName='setAppianLocaleTo', args=[en_US]}</instruction>
        <slimResult></slimResult>
        <expectation>
          <instructionId>scriptTable_2_4</instructionId>
          <col>0</col>
          <row>4</row>
          <type>ScriptActionExpectation</type>
        </expectation>
      </instructionResult>
      <instructionResult>
        <instruction>{id='scriptTable_2_5', instruction='call', instanceName='scriptTableActor', methodName='loginWithUsername', args=[Virtualuser]}</instruction>
        <slimResult></slimResult>
        <expectation>
          <instructionId>scriptTable_2_5</instructionId>
          <col>0</col>
          <row>5</row>
          <type>ScriptActionExpectation</type>
        </expectation>
      </instructionResult>
      <instructionResult>
        <instruction>{id='scriptTable_3_0', instruction='call', instanceName='scriptTableActor', methodName='clickOnCheckboxOption', args=[[1]]}</instruction>
        <slimResult></slimResult>
        <expectation>
          <instructionId>scriptTable_3_0</instructionId>
          <col>0</col>
          <row>1</row>
          <type>ScriptActionExpectation</type>
        </expectation>
      </instructionResult>
      <instructionResult>
        <instruction>{id='scriptTable_3_1', instruction='call', instanceName='scriptTableActor', methodName='populateFieldWithValue', args=[Product Group, Gops]}</instruction>
        <slimResult></slimResult>
        <expectation>
          <instructionId>scriptTable_3_1</instructionId>
          <col>0</col>
          <row>2</row>
          <type>ScriptActionExpectation</type>
        </expectation>
      </instructionResult>
      <instructionResult>
        <instruction>{id='scriptTable_3_2', instruction='call', instanceName='scriptTableActor', methodName='clickOnRadioOption', args=[1020]}</instruction>
        <slimResult></slimResult>
        <expectation>
          <instructionId>scriptTable_3_2</instructionId>
          <col>0</col>
          <row>3</row>
          <type>ScriptActionExpectation</type>
        </expectation>
      </instructionResult>
      <instructionResult>
        <instruction>{id='scriptTable_3_3', instruction='call', instanceName='scriptTableActor', methodName='clickOnRadioOption', args=[640200]}</instruction>
        <slimResult></slimResult>
        <expectation>
          <instructionId>scriptTable_3_3</instructionId>
          <col>0</col>
          <row>4</row>
          <type>ScriptActionExpectation</type>
        </expectation>
      </instructionResult>
      <instructionResult>
        <instruction>{id='scriptTable_3_4', instruction='call', instanceName='scriptTableActor', methodName='waitForSeconds', args=[5]}</instruction>
        <slimResult></slimResult>
        <expectation>
          <instructionId>scriptTable_3_4</instructionId>
          <col>0</col>
          <row>5</row>
          <type>ScriptActionExpectation</type>
        </expectation>
      </instructionResult>
      <instructionResult>
        <instruction>{id='scriptTable_3_5', instruction='call', instanceName='scriptTableActor', methodName='populateFieldWithPartiallyMatchingPickerFieldSuggestion', args=[IO, [2]]}</instruction>
        <slimResult></slimResult>
        <expectation>
          <instructionId>scriptTable_3_5</instructionId>
          <col>0</col>
          <row>6</row>
          <type>ScriptActionExpectation</type>
        </expectation>
      </instructionResult>
      <instructionResult>
        <instruction>{id='scriptTable_3_6', instruction='call', instanceName='scriptTableActor', methodName='waitForSeconds', args=[5]}</instruction>
        <slimResult></slimResult>
        <expectation>
          <instructionId>scriptTable_3_6</instructionId>
          <col>0</col>
          <row>7</row>
          <type>ScriptActionExpectation</type>
        </expectation>
      </instructionResult>
      <instructionResult>
        <instruction>{id='scriptTable_3_7', instruction='call', instanceName='scriptTableActor', methodName='populateFieldWithPartiallyMatchingPickerFieldSuggestion', args=[CC, [1]]}</instruction>
        <slimResult></slimResult>
        <expectation>
          <instructionId>scriptTable_3_7</instructionId>
          <col>0</col>
          <row>8</row>
          <type>ScriptActionExpectation</type>
        </expectation>
      </instructionResult>
      <instructionResult>
        <instruction>{id='scriptTable_3_8', instruction='call', instanceName='scriptTableActor', methodName='waitForSeconds', args=[5]}</instruction>
        <slimResult></slimResult>
        <expectation>
          <instructionId>scriptTable_3_8</instructionId>
          <col>0</col>
          <row>9</row>
          <type>ScriptActionExpectation</type>
        </expectation>
      </instructionResult>
      <instructionResult>
        <instruction>{id='scriptTable_3_9', instruction='call', instanceName='scriptTableActor', methodName='populateFieldWithValue', args=[Short Order Description, Testing inthe folder is the first step]}</instruction>
        <slimResult></slimResult>
        <expectation>
          <instructionId>scriptTable_3_9</instructionId>
          <col>0</col>
          <row>10</row>
          <type>ScriptActionExpectation</type>
        </expectation>
      </instructionResult>
      <instructionResult>
        <instruction>{id='scriptTable_3_10', instruction='call', instanceName='scriptTableActor', methodName='clickOnCheckboxOption', args=[[1]]}</instruction>
        <slimResult></slimResult>
        <expectation>
          <instructionId>scriptTable_3_10</instructionId>
          <col>0</col>
          <row>11</row>
          <type>ScriptActionExpectation</type>
        </expectation>
      </instructionResult>
      <instructionResult>
        <instruction>{id='scriptTable_3_11', instruction='call', instanceName='scriptTableActor', methodName='waitForSeconds', args=[5]}</instruction>
        <slimResult></slimResult>
        <expectation>
          <instructionId>scriptTable_3_11</instructionId>
          <col>0</col>
          <row>12</row>
          <type>ScriptActionExpectation</type>
        </expectation>
      </instructionResult>
      <instructionResult>
        <instruction>{id='scriptTable_3_12', instruction='call', instanceName='scriptTableActor', methodName='clickOnCheckboxOption', args=[[2]]}</instruction>
        <slimResult></slimResult>
        <expectation>
          <instructionId>scriptTable_3_12</instructionId>
          <col>0</col>
          <row>13</row>
          <type>ScriptActionExpectation</type>
        </expectation>
      </instructionResult>
      <instructionResult>
        <instruction>{id='scriptTable_3_13', instruction='call', instanceName='scriptTableActor', methodName='waitForSeconds', args=[5]}</instruction>
        <slimResult></slimResult>
        <expectation>
          <instructionId>scriptTable_3_13</instructionId>
          <col>0</col>
          <row>14</row>
          <type>ScriptActionExpectation</type>
        </expectation>
      </instructionResult>
      <instructionResult>
        <instruction>{id='scriptTable_3_14', instruction='call', instanceName='scriptTableActor', methodName='clickOnCheckboxOption', args=[[1]]}</instruction>
        <slimResult></slimResult>
        <expectation>
          <instructionId>scriptTable_3_14</instructionId>
          <col>0</col>
          <row>15</row>
          <type>ScriptActionExpectation</type>
        </expectation>
      </instructionResult>
      <instructionResult>
        <instruction>{id='scriptTable_3_15', instruction='callAndAssign', symbolName='deliver', instanceName='scriptTableActor', methodName='getRandomAlphabetString', args=[20]}</instruction>
        <slimResult>$deliver&lt;-[aiUgfAvbXiQRXVaUlCId]</slimResult>
        <expectation>
          <instructionId>scriptTable_3_15</instructionId>
          <col>0</col>
          <row>16</row>
          <type>SymbolAssignmentExpectation</type>
          <evaluationMessage>$deliver&lt;-[aiUgfAvbXiQRXVaUlCId]</evaluationMessage>
        </expectation>
      </instructionResult>
      <instructionResult>
        <instruction>{id='scriptTable_3_16', instruction='call', instanceName='scriptTableActor', methodName='populateFieldWithValue', args=[Deliver To, $deliver]}</instruction>
        <slimResult></slimResult>
        <expectation>
          <instructionId>scriptTable_3_16</instructionId>
          <col>0</col>
          <row>17</row>
          <type>ScriptActionExpectation</type>
        </expectation>
      </instructionResult>
      <instructionResult>
        <instruction>{id='scriptTable_3_17', instruction='callAndAssign', symbolName='title', instanceName='scriptTableActor', methodName='getRandomIntegerFromTo', args=[1, 100]}</instruction>
        <slimResult>$title&lt;-[12]</slimResult>
        <expectation>
          <instructionId>scriptTable_3_17</instructionId>
          <col>0</col>
          <row>18</row>
          <type>SymbolAssignmentExpectation</type>
          <evaluationMessage>$title&lt;-[12]</evaluationMessage>
        </expectation>
      </instructionResult>
      <instructionResult>
        <instruction>{id='scriptTable_3_18', instruction='call', instanceName='scriptTableActor', methodName='populateFieldWithValue', args=[Building, $title]}</instruction>
        <slimResult></slimResult>
        <expectation>
          <instructionId>scriptTable_3_18</instructionId>
          <col>0</col>
          <row>19</row>
          <type>ScriptActionExpectation</type>
        </expectation>
      </instructionResult>
      <instructionResult>
        <instruction>{id='scriptTable_3_19', instruction='callAndAssign', symbolName='office', instanceName='scriptTableActor', methodName='getRandomAlphabetString', args=[50]}</instruction>
        <slimResult>$office&lt;-[wuJsDaldTUYwFmEtpAvzxtDHshJDWpMWxoFuCkJmjkWvVQcPuH]</slimResult>
        <expectation>
          <instructionId>scriptTable_3_19</instructionId>
          <col>0</col>
          <row>20</row>
          <type>SymbolAssignmentExpectation</type>
          <evaluationMessage>$office&lt;-[wuJsDaldTUYwFmEtpAvzxtDHshJDWpMWxoFuCkJmjkWvVQcPuH]</evaluationMessage>
        </expectation>
      </instructionResult>
      <instructionResult>
        <instruction>{id='scriptTable_3_20', instruction='call', instanceName='scriptTableActor', methodName='populateFieldWithValue', args=[Cube/Office/Lab Location, $office]}</instruction>
        <slimResult></slimResult>
        <expectation>
          <instructionId>scriptTable_3_20</instructionId>
          <col>0</col>
          <row>21</row>
          <type>ScriptActionExpectation</type>
        </expectation>
      </instructionResult>
      <instructionResult>
        <instruction>{id='scriptTable_3_21', instruction='call', instanceName='scriptTableActor', methodName='waitForProgressBar', args=[]}</instruction>
        <slimResult></slimResult>
        <expectation>
          <instructionId>scriptTable_3_21</instructionId>
          <col>0</col>
          <row>22</row>
          <type>ScriptActionExpectation</type>
        </expectation>
      </instructionResult>
      <instructionResult>
        <instruction>{id='scriptTable_3_22', instruction='call', instanceName='scriptTableActor', methodName='populateGridColumnRowWithPartiallyMatchingPickerFieldSuggestion', args=[[1], [2], [1], [5]]}</instruction>
        <slimResult></slimResult>
        <expectation>
          <instructionId>scriptTable_3_22</instructionId>
          <col>0</col>
          <row>23</row>
          <type>ScriptActionExpectation</type>
        </expectation>
      </instructionResult>
      <instructionResult>
        <instruction>{id='scriptTable_3_23', instruction='call', instanceName='scriptTableActor', methodName='populateGridColumnRowWith', args=[[1], [10], [1], Stock]}</instruction>
        <slimResult></slimResult>
        <expectation>
          <instructionId>scriptTable_3_23</instructionId>
          <col>0</col>
          <row>24</row>
          <type>ScriptActionExpectation</type>
        </expectation>
      </instructionResult>
      <instructionResult>
        <instruction>{id='scriptTable_3_24', instruction='call', instanceName='scriptTableActor', methodName='populateGridColumnRowWith', args=[[1], [6], [1], 3]}</instruction>
        <slimResult></slimResult>
        <expectation>
          <instructionId>scriptTable_3_24</instructionId>
          <col>0</col>
          <row>25</row>
          <type>ScriptActionExpectation</type>
        </expectation>
      </instructionResult>
      <instructionResult>
        <instruction>{id='scriptTable_3_25', instruction='call', instanceName='scriptTableActor', methodName='populateGridColumnRowWith', args=[[1], [7], [1], !today (mm/dd/yyyy)]}</instruction>
        <slimResult></slimResult>
        <expectation>
          <status>error</status>
          <instructionId>scriptTable_3_25</instructionId>
          <type>ScriptActionExpectation</type>
          <evaluationMessage>An error has occurred: Populate Field -  - !today (mm/dd/yyyy)</evaluationMessage>
        </expectation>
      </instructionResult>
      <instructionResult>
        <instruction>{id='scriptTable_3_26', instruction='call', instanceName='scriptTableActor', methodName='clickOnLink', args=[Add parts]}</instruction>
        <slimResult></slimResult>
        <expectation>
          <instructionId>scriptTable_3_26</instructionId>
          <col>0</col>
          <row>27</row>
          <type>ScriptActionExpectation</type>
        </expectation>
      </instructionResult>
      <instructionResult>
        <instruction>{id='scriptTable_3_27', instruction='call', instanceName='scriptTableActor', methodName='populateGridColumnRowWithPartiallyMatchingPickerFieldSuggestion', args=[[1], [2], [2], [3]]}</instruction>
        <slimResult></slimResult>
        <expectation>
          <status>error</status>
          <instructionId>scriptTable_3_27</instructionId>
          <type>ScriptActionExpectation</type>
          <evaluationMessage>Timeout period reached: Populate Field -  - 3</evaluationMessage>
        </expectation>
      </instructionResult>
      <instructionResult>
        <instruction>{id='scriptTable_3_28', instruction='call', instanceName='scriptTableActor', methodName='populateGridColumnRowWith', args=[[1], [6], [2], 4]}</instruction>
        <slimResult></slimResult>
        <expectation>
          <instructionId>scriptTable_3_28</instructionId>
          <col>0</col>
          <row>29</row>
          <type>ScriptActionExpectation</type>
        </expectation>
      </instructionResult>
      <instructionResult>
        <instruction>{id='scriptTable_3_29', instruction='call', instanceName='scriptTableActor', methodName='populateGridColumnRowWith', args=[[1], [7], [2], 07/13/2023]}</instruction>
        <slimResult></slimResult>
        <expectation>
          <instructionId>scriptTable_3_29</instructionId>
          <col>0</col>
          <row>30</row>
          <type>ScriptActionExpectation</type>
        </expectation>
      </instructionResult>
      <instructionResult>
        <instruction>{id='scriptTable_3_30', instruction='call', instanceName='scriptTableActor', methodName='populateGridColumnRowWith', args=[[1], [10], [2], Stock]}</instruction>
        <slimResult></slimResult>
        <expectation>
          <instructionId>scriptTable_3_30</instructionId>
          <col>0</col>
          <row>31</row>
          <type>ScriptActionExpectation</type>
        </expectation>
      </instructionResult>
      <instructionResult>
        <instruction>{id='scriptTable_3_31', instruction='call', instanceName='scriptTableActor', methodName='waitForSeconds', args=[30]}</instruction>
        <slimResult></slimResult>
        <expectation>
          <instructionId>scriptTable_3_31</instructionId>
          <col>0</col>
          <row>32</row>
          <type>ScriptActionExpectation</type>
        </expectation>
      </instructionResult>
      <instructionResult>
        <instruction>{id='scriptTable_3_32', instruction='call', instanceName='scriptTableActor', methodName='clickOnButton', args=[[6]]}</instruction>
        <slimResult></slimResult>
        <expectation>
          <instructionId>scriptTable_3_32</instructionId>
          <col>0</col>
          <row>33</row>
          <type>ScriptActionExpectation</type>
        </expectation>
      </instructionResult>
      <instructionResult>
        <instruction>{id='scriptTable_3_33', instruction='call', instanceName='scriptTableActor', methodName='verifyConfirmationDialogHeaderIsPresent', args=[Your order have been submitted successfully]}</instruction>
        <slimResult></slimResult>
        <expectation>
          <status>error</status>
          <instructionId>scriptTable_3_33</instructionId>
          <type>ScriptActionExpectation</type>
          <evaluationMessage>Timeout period reached: Wait for confirmation dialog with type header and text Your order have been submitted successfully</evaluationMessage>
        </expectation>
      </instructionResult>
      <instructionResult>
        <instruction>{id='scriptTable_3_34', instruction='call', instanceName='scriptTableActor', methodName='verifyConfirmationDialogMessageIsPresent', args=[OrderReference Number]}</instruction>
        <slimResult></slimResult>
        <expectation>
          <status>error</status>
          <instructionId>scriptTable_3_34</instructionId>
          <type>ScriptActionExpectation</type>
          <evaluationMessage>Timeout period reached: Wait for confirmation dialog with type message and text OrderReference Number</evaluationMessage>
        </expectation>
      </instructionResult>
      <instructionResult>
        <instruction>{id='scriptTable_3_35', instruction='call', instanceName='scriptTableActor', methodName='clickOnButton', args=[ok]}</instruction>
        <slimResult></slimResult>
        <expectation>
          <status>error</status>
          <instructionId>scriptTable_3_35</instructionId>
          <type>ScriptActionExpectation</type>
          <evaluationMessage>Timeout period reached: Wait for Button - ok</evaluationMessage>
        </expectation>
      </instructionResult>
      <instructionResult>
        <instruction>{id='scriptTable_3_36', instruction='call', instanceName='scriptTableActor', methodName='navigateToSite', args=[https://appiancoe.vuram.com/suite/sites/as_virtualwarehouse/page/virtual-warehouse]}</instruction>
        <slimResult></slimResult>
        <expectation>
          <instructionId>scriptTable_3_36</instructionId>
          <col>0</col>
          <row>37</row>
          <type>ScriptActionExpectation</type>
        </expectation>
      </instructionResult>
      <instructionResult>
        <instruction>{id='scriptTable_4_0', instruction='call', instanceName='scriptTableActor', methodName='logout', args=[]}</instruction>
        <slimResult></slimResult>
        <expectation>
          <status>error</status>
          <instructionId>scriptTable_4_0</instructionId>
          <type>ScriptActionExpectation</type>
        </expectation>
      </instructionResult>
      <instructionResult>
        <instruction>{id='scriptTable_4_1', instruction='call', instanceName='scriptTableActor', methodName='tearDown', args=[]}</instruction>
        <slimResult></slimResult>
        <expectation>
          <instructionId>scriptTable_4_1</instructionId>
          <col>0</col>
          <row>2</row>
          <type>ScriptActionExpectation</type>
        </expectation>
      </instructionResult>
    </instructions>
  </result>
  <executionLog>
    <testSystem>slim:fitnesse.slim.SlimService</testSystem>
    <command>java -Dlog4j.configuration=file:///C:\FinalFitnesse/log4j.properties -cp C:\FinalFitnesse\lib\accessors-smart-2.4.9.jar;C:\FinalFitnesse\lib\asm-9.3.jar;C:\FinalFitnesse\lib\async-http-client-2.12.3.jar;C:\FinalFitnesse\lib\async-http-client-netty-utils-2.12.3.jar;C:\FinalFitnesse\lib\auto-common-1.2.jar;C:\FinalFitnesse\lib\auto-service-1.0.1.jar;C:\FinalFitnesse\lib\auto-service-annotations-1.0.1.jar;C:\FinalFitnesse\lib\byte-buddy-1.14.2.jar;C:\FinalFitnesse\lib\checker-qual-3.12.0.jar;C:\FinalFitnesse\lib\commons-codec-1.15.jar;C:\FinalFitnesse\lib\commons-exec-1.3.jar;C:\FinalFitnesse\lib\commons-io-2.11.0.jar;C:\FinalFitnesse\lib\commons-lang3-3.12.0.jar;C:\FinalFitnesse\lib\commons-text-1.10.0.jar;C:\FinalFitnesse\lib\diffutils-1.3.0.jar;C:\FinalFitnesse\lib\error_prone_annotations-2.11.0.jar;C:\FinalFitnesse\lib\failsafe-3.3.1.jar;C:\FinalFitnesse\lib\failureaccess-1.0.1.jar;C:\FinalFitnesse\lib\fitnesse-20221219-standalone.jar;C:\FinalFitnesse\lib\google-analytics-java-2.0.0.jar;C:\FinalFitnesse\lib\gson-2.10.1.jar;C:\FinalFitnesse\lib\guava-31.1-jre.jar;C:\FinalFitnesse\lib\htmllexer-2.1.jar;C:\FinalFitnesse\lib\htmlparser-2.1.jar;C:\FinalFitnesse\lib\httpclient-4.5.13.jar;C:\FinalFitnesse\lib\httpcore-4.4.13.jar;C:\FinalFitnesse\lib\j2objc-annotations-1.3.jar;C:\FinalFitnesse\lib\jackson-annotations-2.14.2.jar;C:\FinalFitnesse\lib\jackson-core-2.14.2.jar;C:\FinalFitnesse\lib\jackson-databind-2.14.2.jar;C:\FinalFitnesse\lib\jakarta.activation-1.2.2.jar;C:\FinalFitnesse\lib\jcl-over-slf4j-1.7.25.jar;C:\FinalFitnesse\lib\jcommander-1.82.jar;C:\FinalFitnesse\lib\json-20230227.jar;C:\FinalFitnesse\lib\json-path-2.8.0.jar;C:\FinalFitnesse\lib\json-smart-2.4.10.jar;C:\FinalFitnesse\lib\jsr305-3.0.2.jar;C:\FinalFitnesse\lib\jtoml-2.0.0.jar;C:\FinalFitnesse\lib\listenablefuture-9999.0-empty-to-avoid-conflict-with-guava.jar;C:\FinalFitnesse\lib\log4j-api-2.20.0.jar;C:\FinalFitnesse\lib\log4j-core-2.20.0.jar;C:\FinalFitnesse\lib\netty-buffer-4.1.90.Final.jar;C:\FinalFitnesse\lib\netty-codec-4.1.90.Final.jar;C:\FinalFitnesse\lib\netty-codec-http-4.1.90.Final.jar;C:\FinalFitnesse\lib\netty-codec-socks-4.1.90.Final.jar;C:\FinalFitnesse\lib\netty-common-4.1.90.Final.jar;C:\FinalFitnesse\lib\netty-handler-4.1.90.Final.jar;C:\FinalFitnesse\lib\netty-handler-proxy-4.1.90.Final.jar;C:\FinalFitnesse\lib\netty-reactive-streams-2.0.4.jar;C:\FinalFitnesse\lib\netty-resolver-4.1.90.Final.jar;C:\FinalFitnesse\lib\netty-transport-4.1.90.Final.jar;C:\FinalFitnesse\lib\netty-transport-classes-epoll-4.1.90.Final.jar;C:\FinalFitnesse\lib\netty-transport-classes-kqueue-4.1.90.Final.jar;C:\FinalFitnesse\lib\netty-transport-native-epoll-4.1.90.Final-linux-x86_64.jar;C:\FinalFitnesse\lib\netty-transport-native-epoll-4.1.90.Final.jar;C:\FinalFitnesse\lib\netty-transport-native-kqueue-4.1.90.Final-osx-x86_64.jar;C:\FinalFitnesse\lib\netty-transport-native-kqueue-4.1.90.Final.jar;C:\FinalFitnesse\lib\netty-transport-native-unix-common-4.1.90.Final.jar;C:\FinalFitnesse\lib\opentelemetry-api-1.24.0.jar;C:\FinalFitnesse\lib\opentelemetry-api-events-1.24.0-alpha.jar;C:\FinalFitnesse\lib\opentelemetry-api-logs-1.24.0-alpha.jar;C:\FinalFitnesse\lib\opentelemetry-context-1.24.0.jar;C:\FinalFitnesse\lib\opentelemetry-exporter-logging-1.24.0.jar;C:\FinalFitnesse\lib\opentelemetry-sdk-1.24.0.jar;C:\FinalFitnesse\lib\opentelemetry-sdk-common-1.24.0.jar;C:\FinalFitnesse\lib\opentelemetry-sdk-extension-autoconfigure-1.24.0-alpha.jar;C:\FinalFitnesse\lib\opentelemetry-sdk-extension-autoconfigure-spi-1.24.0.jar;C:\FinalFitnesse\lib\opentelemetry-sdk-logs-1.24.0-alpha.jar;C:\FinalFitnesse\lib\opentelemetry-sdk-metrics-1.24.0.jar;C:\FinalFitnesse\lib\opentelemetry-sdk-trace-1.24.0.jar;C:\FinalFitnesse\lib\opentelemetry-semconv-1.24.0-alpha.jar;C:\FinalFitnesse\lib\reactive-streams-1.0.3.jar;C:\FinalFitnesse\lib\selenium-api-4.8.2.jar;C:\FinalFitnesse\lib\selenium-chrome-driver-4.8.2.jar;C:\FinalFitnesse\lib\selenium-chromium-driver-4.8.2.jar;C:\FinalFitnesse\lib\selenium-devtools-v109-4.8.2.jar;C:\FinalFitnesse\lib\selenium-devtools-v110-4.8.2.jar;C:\FinalFitnesse\lib\selenium-devtools-v111-4.8.2.jar;C:\FinalFitnesse\lib\selenium-devtools-v85-4.8.2.jar;C:\FinalFitnesse\lib\selenium-edge-driver-4.8.2.jar;C:\FinalFitnesse\lib\selenium-firefox-driver-4.8.2.jar;C:\FinalFitnesse\lib\selenium-http-4.8.2.jar;C:\FinalFitnesse\lib\selenium-ie-driver-4.8.2.jar;C:\FinalFitnesse\lib\selenium-java-4.8.2.jar;C:\FinalFitnesse\lib\selenium-json-4.8.2.jar;C:\FinalFitnesse\lib\selenium-manager-4.8.2.jar;C:\FinalFitnesse\lib\selenium-remote-driver-4.8.2.jar;C:\FinalFitnesse\lib\selenium-safari-driver-4.8.2.jar;C:\FinalFitnesse\lib\selenium-support-4.8.2.jar;C:\FinalFitnesse\lib\slf4j-api-1.7.36.jar;C:\FinalFitnesse\lib\slf4j-jdk14-1.7.36.jar;C:\FinalFitnesse\lib\velocity-engine-core-2.3.jar;C:\FinalFitnesse\lib\appian\appian-selenium-api-23.2.1.jar;C:\FinalFitnesse\lib\fitnesse-20221219-standalone.jar fitnesse.slim.SlimService 1</command>
    <exitCode>1</exitCode>
    <stdOut>19:09:30.847 [main] ERROR com.appiancorp.ps.automatedtest.exception.ExceptionBuilder - Populate Field -  - !today (mm/dd/yyyy)
java.text.ParseException: Unable to parse the date: !today (mm/dd/yyyy)
	at org.apache.commons.lang3.time.DateUtils.parseDateWithLeniency(DateUtils.java:388) ~[commons-lang3-3.12.0.jar:3.12.0]
	at org.apache.commons.lang3.time.DateUtils.parseDateStrictly(DateUtils.java:344) ~[commons-lang3-3.12.0.jar:3.12.0]
	at org.apache.commons.lang3.time.DateUtils.parseDateStrictly(DateUtils.java:322) ~[commons-lang3-3.12.0.jar:3.12.0]
	at com.appiancorp.ps.automatedtest.common.AppianObject.parseDate(AppianObject.java:212) ~[appian-selenium-api-23.2.1.jar:?]
	at com.appiancorp.ps.automatedtest.tempo.interfaces.TempoDateField.populate(TempoDateField.java:56) ~[appian-selenium-api-23.2.1.jar:?]
	at com.appiancorp.ps.automatedtest.tempo.interfaces.TempoFieldFactory.populate(TempoFieldFactory.java:89) [appian-selenium-api-23.2.1.jar:?]
	at com.appiancorp.ps.automatedtest.tempo.interfaces.TempoGridCell.populate(TempoGridCell.java:119) [appian-selenium-api-23.2.1.jar:?]
	at com.appiancorp.ps.automatedtest.tempo.interfaces.TempoGridCell.populateMultiple(TempoGridCell.java:102) [appian-selenium-api-23.2.1.jar:?]
	at com.appiancorp.ps.automatedtest.tempo.interfaces.TempoGridCell.populateMultiple(TempoGridCell.java:88) [appian-selenium-api-23.2.1.jar:?]
	at com.appiancorp.ps.automatedtest.fixture.TempoFixture.populateGridColumnRowWith(TempoFixture.java:1910) [appian-selenium-api-23.2.1.jar:?]
	at sun.reflect.NativeMethodAccessorImpl.invoke0(Native Method) ~[?:1.8.0_301]
	at sun.reflect.NativeMethodAccessorImpl.invoke(Unknown Source) ~[?:1.8.0_301]
	at sun.reflect.DelegatingMethodAccessorImpl.invoke(Unknown Source) ~[?:1.8.0_301]
	at java.lang.reflect.Method.invoke(Unknown Source) ~[?:1.8.0_301]
	at fitnesse.slim.fixtureInteraction.SimpleInteraction.methodInvoke(SimpleInteraction.java:322) [fitnesse-20221219-standalone.jar:20221219]
	at fitnesse.slim.fixtureInteraction.SimpleInteraction.callMethod(SimpleInteraction.java:307) [fitnesse-20221219-standalone.jar:20221219]
	at fitnesse.slim.fixtureInteraction.SimpleInteraction.invokeMethod(SimpleInteraction.java:290) [fitnesse-20221219-standalone.jar:20221219]
	at fitnesse.slim.fixtureInteraction.SimpleInteraction.findAndInvoke(SimpleInteraction.java:217) [fitnesse-20221219-standalone.jar:20221219]
	at fitnesse.slim.MethodExecutor.findAndInvoke(MethodExecutor.java:18) [fitnesse-20221219-standalone.jar:20221219]
	at fitnesse.slim.FixtureMethodExecutor.execute(FixtureMethodExecutor.java:18) [fitnesse-20221219-standalone.jar:20221219]
	at fitnesse.slim.StatementExecutor.getMethodExecutionResult(StatementExecutor.java:139) [fitnesse-20221219-standalone.jar:20221219]
	at fitnesse.slim.StatementExecutor.call(StatementExecutor.java:112) [fitnesse-20221219-standalone.jar:20221219]
	at fitnesse.slim.instructions.CallAndOptionalAssignInstruction.executeInternal(CallAndOptionalAssignInstruction.java:30) [fitnesse-20221219-standalone.jar:20221219]
	at fitnesse.slim.instructions.Instruction.execute(Instruction.java:29) [fitnesse-20221219-standalone.jar:20221219]
	at fitnesse.slim.ListExecutor$Executive.executeStatement(ListExecutor.java:49) [fitnesse-20221219-standalone.jar:20221219]
	at fitnesse.slim.ListExecutor$Executive.executeStatements(ListExecutor.java:43) [fitnesse-20221219-standalone.jar:20221219]
	at fitnesse.slim.ListExecutor.execute(ListExecutor.java:85) [fitnesse-20221219-standalone.jar:20221219]
	at fitnesse.slim.SlimServer.executeInstructions(SlimServer.java:84) [fitnesse-20221219-standalone.jar:20221219]
	at fitnesse.slim.SlimServer.processOneSetOfInstructions(SlimServer.java:77) [fitnesse-20221219-standalone.jar:20221219]
	at fitnesse.slim.SlimServer.tryProcessInstructions(SlimServer.java:64) [fitnesse-20221219-standalone.jar:20221219]
	at fitnesse.slim.SlimServer.serve(SlimServer.java:49) [fitnesse-20221219-standalone.jar:20221219]
	at fitnesse.slim.SlimService.handle(SlimService.java:169) [fitnesse-20221219-standalone.jar:20221219]
	at fitnesse.slim.SlimService.acceptOne(SlimService.java:177) [fitnesse-20221219-standalone.jar:20221219]
	at fitnesse.slim.SlimService.accept(SlimService.java:139) [fitnesse-20221219-standalone.jar:20221219]
	at fitnesse.slim.SlimService.startWithFactory(SlimService.java:92) [fitnesse-20221219-standalone.jar:20221219]
	at fitnesse.slim.SlimService.main(SlimService.java:57) [fitnesse-20221219-standalone.jar:20221219]

19:09:45.802 [main] ERROR com.appiancorp.ps.automatedtest.exception.ExceptionBuilder - Populate Field -  - 3
org.openqa.selenium.TimeoutException: Expected condition failed: waiting for visibility of element located by By.xpath: //div[contains(@class,'TetherComponent---sailcontents') and contains(@class,'PickerWidget---picker_suggestions')]//p[not(p) and not(contains(text(),'Searching'))][descendant-or-self::*[contains(translate(text(),'ABCDEFGHIJKLMNOPQRSTUVWXYZ','abcdefghijklmnopqrstuvwxyz'),'3')]] (tried for 10 second(s) with 500 milliseconds interval)
Build info: version: '4.8.2', revision: '826dbfc730'
System info: os.name: 'Windows 10', os.arch: 'amd64', os.version: '10.0', java.version: '1.8.0_301'
Driver info: org.openqa.selenium.chrome.ChromeDriver
Capabilities {acceptInsecureCerts: false, browserName: chrome, browserVersion: 114.0.5735.199, chrome: {chromedriverVersion: 114.0.5735.90 (386bc09e8f4f..., userDataDir: C:\Users\LAXMID~1\AppData\L...}, goog:chromeOptions: {debuggerAddress: localhost:54590}, networkConnectionEnabled: false, pageLoadStrategy: normal, platformName: WINDOWS, proxy: Proxy(), se:cdp: ws://localhost:54590/devtoo..., se:cdpVersion: 114.0.5735.199, setWindowRect: true, strictFileInteractability: false, timeouts: {implicit: 0, pageLoad: 300000, script: 30000}, unhandledPromptBehavior: dismiss and notify, webauthn:extension:credBlob: true, webauthn:extension:largeBlob: true, webauthn:extension:minPinLength: true, webauthn:extension:prf: true, webauthn:virtualAuthenticators: true}
Session ID: 5f649130dcba3c67222f550b5cef8d83
	at org.openqa.selenium.support.ui.WebDriverWait.timeoutException(WebDriverWait.java:87) ~[selenium-support-4.8.2.jar:?]
	at org.openqa.selenium.support.ui.FluentWait.until(FluentWait.java:231) ~[selenium-support-4.8.2.jar:?]
	at com.appiancorp.ps.automatedtest.tempo.interfaces.TempoPickerFieldSuggestion.waitFor(TempoPickerFieldSuggestion.java:33) ~[appian-selenium-api-23.2.1.jar:?]
	at com.appiancorp.ps.automatedtest.tempo.interfaces.TempoPickerField.populate(TempoPickerField.java:67) ~[appian-selenium-api-23.2.1.jar:?]
	at com.appiancorp.ps.automatedtest.tempo.interfaces.TempoFieldFactory.populate(TempoFieldFactory.java:87) [appian-selenium-api-23.2.1.jar:?]
	at com.appiancorp.ps.automatedtest.tempo.interfaces.TempoGridCell.populate(TempoGridCell.java:119) [appian-selenium-api-23.2.1.jar:?]
	at com.appiancorp.ps.automatedtest.tempo.interfaces.TempoGridCell.populateMultiple(TempoGridCell.java:102) [appian-selenium-api-23.2.1.jar:?]
	at com.appiancorp.ps.automatedtest.fixture.TempoFixture.populateGridColumnRowWithPartiallyMatchingPickerFieldSuggestion(TempoFixture.java:1941) [appian-selenium-api-23.2.1.jar:?]
	at sun.reflect.NativeMethodAccessorImpl.invoke0(Native Method) ~[?:1.8.0_301]
	at sun.reflect.NativeMethodAccessorImpl.invoke(Unknown Source) ~[?:1.8.0_301]
	at sun.reflect.DelegatingMethodAccessorImpl.invoke(Unknown Source) ~[?:1.8.0_301]
	at java.lang.reflect.Method.invoke(Unknown Source) ~[?:1.8.0_301]
	at fitnesse.slim.fixtureInteraction.SimpleInteraction.methodInvoke(SimpleInteraction.java:322) [fitnesse-20221219-standalone.jar:20221219]
	at fitnesse.slim.fixtureInteraction.SimpleInteraction.callMethod(SimpleInteraction.java:307) [fitnesse-20221219-standalone.jar:20221219]
	at fitnesse.slim.fixtureInteraction.SimpleInteraction.invokeMethod(SimpleInteraction.java:290) [fitnesse-20221219-standalone.jar:20221219]
	at fitnesse.slim.fixtureInteraction.SimpleInteraction.findAndInvoke(SimpleInteraction.java:217) [fitnesse-20221219-standalone.jar:20221219]
	at fitnesse.slim.MethodExecutor.findAndInvoke(MethodExecutor.java:18) [fitnesse-20221219-standalone.jar:20221219]
	at fitnesse.slim.FixtureMethodExecutor.execute(FixtureMethodExecutor.java:18) [fitnesse-20221219-standalone.jar:20221219]
	at fitnesse.slim.StatementExecutor.getMethodExecutionResult(StatementExecutor.java:139) [fitnesse-20221219-standalone.jar:20221219]
	at fitnesse.slim.StatementExecutor.call(StatementExecutor.java:112) [fitnesse-20221219-standalone.jar:20221219]
	at fitnesse.slim.instructions.CallAndOptionalAssignInstruction.executeInternal(CallAndOptionalAssignInstruction.java:30) [fitnesse-20221219-standalone.jar:20221219]
	at fitnesse.slim.instructions.Instruction.execute(Instruction.java:29) [fitnesse-20221219-standalone.jar:20221219]
	at fitnesse.slim.ListExecutor$Executive.executeStatement(ListExecutor.java:49) [fitnesse-20221219-standalone.jar:20221219]
	at fitnesse.slim.ListExecutor$Executive.executeStatements(ListExecutor.java:43) [fitnesse-20221219-standalone.jar:20221219]
	at fitnesse.slim.ListExecutor.execute(ListExecutor.java:85) [fitnesse-20221219-standalone.jar:20221219]
	at fitnesse.slim.SlimServer.executeInstructions(SlimServer.java:84) [fitnesse-20221219-standalone.jar:20221219]
	at fitnesse.slim.SlimServer.processOneSetOfInstructions(SlimServer.java:77) [fitnesse-20221219-standalone.jar:20221219]
	at fitnesse.slim.SlimServer.tryProcessInstructions(SlimServer.java:64) [fitnesse-20221219-standalone.jar:20221219]
	at fitnesse.slim.SlimServer.serve(SlimServer.java:49) [fitnesse-20221219-standalone.jar:20221219]
	at fitnesse.slim.SlimService.handle(SlimService.java:169) [fitnesse-20221219-standalone.jar:20221219]
	at fitnesse.slim.SlimService.acceptOne(SlimService.java:177) [fitnesse-20221219-standalone.jar:20221219]
	at fitnesse.slim.SlimService.accept(SlimService.java:139) [fitnesse-20221219-standalone.jar:20221219]
	at fitnesse.slim.SlimService.startWithFactory(SlimService.java:92) [fitnesse-20221219-standalone.jar:20221219]
	at fitnesse.slim.SlimService.main(SlimService.java:57) [fitnesse-20221219-standalone.jar:20221219]

19:10:42.509 [main] ERROR com.appiancorp.ps.automatedtest.exception.ExceptionBuilder - Wait for confirmation dialog with type header and text Your order have been submitted successfully
org.openqa.selenium.TimeoutException: Expected condition failed: waiting for presence of element located by: By.xpath: //span[contains(@id,'ConfirmationBoxRichTextDisplayFieldheader')]/../following-sibling::div[contains(@class, 'FieldLayout---input_below')]//*[1][contains(translate(text(),'ABCDEFGHIJKLMNOPQRSTUVWXYZ','abcdefghijklmnopqrstuvwxyz'),'your order have been submitted successfully')] (tried for 10 second(s) with 500 milliseconds interval)
	at org.openqa.selenium.support.ui.WebDriverWait.timeoutException(WebDriverWait.java:87) ~[selenium-support-4.8.2.jar:?]
	at org.openqa.selenium.support.ui.FluentWait.until(FluentWait.java:231) ~[selenium-support-4.8.2.jar:?]
	at com.appiancorp.ps.automatedtest.tempo.interfaces.TempoConfirmationDialog.waitFor(TempoConfirmationDialog.java:54) [appian-selenium-api-23.2.1.jar:?]
	at com.appiancorp.ps.automatedtest.fixture.TempoFixture.verifyConfirmationDialogHeaderIsPresent(TempoFixture.java:1677) [appian-selenium-api-23.2.1.jar:?]
	at sun.reflect.NativeMethodAccessorImpl.invoke0(Native Method) ~[?:1.8.0_301]
	at sun.reflect.NativeMethodAccessorImpl.invoke(Unknown Source) ~[?:1.8.0_301]
	at sun.reflect.DelegatingMethodAccessorImpl.invoke(Unknown Source) ~[?:1.8.0_301]
	at java.lang.reflect.Method.invoke(Unknown Source) ~[?:1.8.0_301]
	at fitnesse.slim.fixtureInteraction.SimpleInteraction.methodInvoke(SimpleInteraction.java:322) [fitnesse-20221219-standalone.jar:20221219]
	at fitnesse.slim.fixtureInteraction.SimpleInteraction.callMethod(SimpleInteraction.java:307) [fitnesse-20221219-standalone.jar:20221219]
	at fitnesse.slim.fixtureInteraction.SimpleInteraction.invokeMethod(SimpleInteraction.java:290) [fitnesse-20221219-standalone.jar:20221219]
	at fitnesse.slim.fixtureInteraction.SimpleInteraction.findAndInvoke(SimpleInteraction.java:217) [fitnesse-20221219-standalone.jar:20221219]
	at fitnesse.slim.MethodExecutor.findAndInvoke(MethodExecutor.java:18) [fitnesse-20221219-standalone.jar:20221219]
	at fitnesse.slim.FixtureMethodExecutor.execute(FixtureMethodExecutor.java:18) [fitnesse-20221219-standalone.jar:20221219]
	at fitnesse.slim.StatementExecutor.getMethodExecutionResult(StatementExecutor.java:139) [fitnesse-20221219-standalone.jar:20221219]
	at fitnesse.slim.StatementExecutor.call(StatementExecutor.java:112) [fitnesse-20221219-standalone.jar:20221219]
	at fitnesse.slim.instructions.CallAndOptionalAssignInstruction.executeInternal(CallAndOptionalAssignInstruction.java:30) [fitnesse-20221219-standalone.jar:20221219]
	at fitnesse.slim.instructions.Instruction.execute(Instruction.java:29) [fitnesse-20221219-standalone.jar:20221219]
	at fitnesse.slim.ListExecutor$Executive.executeStatement(ListExecutor.java:49) [fitnesse-20221219-standalone.jar:20221219]
	at fitnesse.slim.ListExecutor$Executive.executeStatements(ListExecutor.java:43) [fitnesse-20221219-standalone.jar:20221219]
	at fitnesse.slim.ListExecutor.execute(ListExecutor.java:85) [fitnesse-20221219-standalone.jar:20221219]
	at fitnesse.slim.SlimServer.executeInstructions(SlimServer.java:84) [fitnesse-20221219-standalone.jar:20221219]
	at fitnesse.slim.SlimServer.processOneSetOfInstructions(SlimServer.java:77) [fitnesse-20221219-standalone.jar:20221219]
	at fitnesse.slim.SlimServer.tryProcessInstructions(SlimServer.java:64) [fitnesse-20221219-standalone.jar:20221219]
	at fitnesse.slim.SlimServer.serve(SlimServer.java:49) [fitnesse-20221219-standalone.jar:20221219]
	at fitnesse.slim.SlimService.handle(SlimService.java:169) [fitnesse-20221219-standalone.jar:20221219]
	at fitnesse.slim.SlimService.acceptOne(SlimService.java:177) [fitnesse-20221219-standalone.jar:20221219]
	at fitnesse.slim.SlimService.accept(SlimService.java:139) [fitnesse-20221219-standalone.jar:20221219]
	at fitnesse.slim.SlimService.startWithFactory(SlimService.java:92) [fitnesse-20221219-standalone.jar:20221219]
	at fitnesse.slim.SlimService.main(SlimService.java:57) [fitnesse-20221219-standalone.jar:20221219]
Caused by: org.openqa.selenium.NoSuchElementException: no such element: Unable to locate element: {"method":"xpath","selector":"//span[contains(@id,'ConfirmationBoxRichTextDisplayFieldheader')]/../following-sibling::div[contains(@class, 'FieldLayout---input_below')]//*[1][contains(translate(text(),'ABCDEFGHIJKLMNOPQRSTUVWXYZ','abcdefghijklmnopqrstuvwxyz'),'your order have been submitted successfully')]"}
  (Session info: chrome=114.0.5735.199)
For documentation on this error, please visit: https://selenium.dev/exceptions/#no_such_element
Build info: version: '4.8.2', revision: '826dbfc730'
System info: os.name: 'Windows 10', os.arch: 'amd64', os.version: '10.0', java.version: '1.8.0_301'
Driver info: org.openqa.selenium.chrome.ChromeDriver
Command: [5f649130dcba3c67222f550b5cef8d83, findElement {using=xpath, value=//span[contains(@id,'ConfirmationBoxRichTextDisplayFieldheader')]/../following-sibling::div[contains(@class, 'FieldLayout---input_below')]//*[1][contains(translate(text(),'ABCDEFGHIJKLMNOPQRSTUVWXYZ','abcdefghijklmnopqrstuvwxyz'),'your order have been submitted successfully')]}]
Capabilities {acceptInsecureCerts: false, browserName: chrome, browserVersion: 114.0.5735.199, chrome: {chromedriverVersion: 114.0.5735.90 (386bc09e8f4f..., userDataDir: C:\Users\LAXMID~1\AppData\L...}, goog:chromeOptions: {debuggerAddress: localhost:54590}, networkConnectionEnabled: false, pageLoadStrategy: normal, platformName: WINDOWS, proxy: Proxy(), se:cdp: ws://localhost:54590/devtoo..., se:cdpVersion: 114.0.5735.199, setWindowRect: true, strictFileInteractability: false, timeouts: {implicit: 0, pageLoad: 300000, script: 30000}, unhandledPromptBehavior: dismiss and notify, webauthn:extension:credBlob: true, webauthn:extension:largeBlob: true, webauthn:extension:minPinLength: true, webauthn:extension:prf: true, webauthn:virtualAuthenticators: true}
Session ID: 5f649130dcba3c67222f550b5cef8d83
	at sun.reflect.GeneratedConstructorAccessor20.newInstance(Unknown Source) ~[?:?]
	at sun.reflect.DelegatingConstructorAccessorImpl.newInstance(Unknown Source) ~[?:1.8.0_301]
	at java.lang.reflect.Constructor.newInstance(Unknown Source) ~[?:1.8.0_301]
	at org.openqa.selenium.remote.codec.w3c.W3CHttpResponseCodec.createException(W3CHttpResponseCodec.java:200) ~[selenium-remote-driver-4.8.2.jar:?]
	at org.openqa.selenium.remote.codec.w3c.W3CHttpResponseCodec.decode(W3CHttpResponseCodec.java:133) ~[selenium-remote-driver-4.8.2.jar:?]
	at org.openqa.selenium.remote.codec.w3c.W3CHttpResponseCodec.decode(W3CHttpResponseCodec.java:53) ~[selenium-remote-driver-4.8.2.jar:?]
	at org.openqa.selenium.remote.HttpCommandExecutor.execute(HttpCommandExecutor.java:193) ~[selenium-remote-driver-4.8.2.jar:?]
	at org.openqa.selenium.remote.service.DriverCommandExecutor.invokeExecute(DriverCommandExecutor.java:183) ~[selenium-remote-driver-4.8.2.jar:?]
	at org.openqa.selenium.remote.service.DriverCommandExecutor.execute(DriverCommandExecutor.java:158) ~[selenium-remote-driver-4.8.2.jar:?]
	at org.openqa.selenium.remote.RemoteWebDriver.execute(RemoteWebDriver.java:543) ~[selenium-remote-driver-4.8.2.jar:?]
	at org.openqa.selenium.remote.ElementLocation$ElementFinder$2.findElement(ElementLocation.java:162) ~[selenium-remote-driver-4.8.2.jar:?]
	at org.openqa.selenium.remote.ElementLocation.findElement(ElementLocation.java:60) ~[selenium-remote-driver-4.8.2.jar:?]
	at org.openqa.selenium.remote.RemoteWebDriver.findElement(RemoteWebDriver.java:352) ~[selenium-remote-driver-4.8.2.jar:?]
	at org.openqa.selenium.remote.RemoteWebDriver.findElement(RemoteWebDriver.java:344) ~[selenium-remote-driver-4.8.2.jar:?]
	at org.openqa.selenium.support.ui.ExpectedConditions$6.apply(ExpectedConditions.java:174) ~[selenium-support-4.8.2.jar:?]
	at org.openqa.selenium.support.ui.ExpectedConditions$6.apply(ExpectedConditions.java:171) ~[selenium-support-4.8.2.jar:?]
	at org.openqa.selenium.support.ui.FluentWait.until(FluentWait.java:208) ~[selenium-support-4.8.2.jar:?]
	... 28 more

19:10:53.002 [main] ERROR com.appiancorp.ps.automatedtest.exception.ExceptionBuilder - Wait for confirmation dialog with type message and text OrderReference Number
org.openqa.selenium.TimeoutException: Expected condition failed: waiting for presence of element located by: By.xpath: //span[contains(@id,'ConfirmationBoxRichTextDisplayFieldbody')]/../following-sibling::div[contains(@class, 'FieldLayout---input_below')]//*[1][contains(translate(text(),'ABCDEFGHIJKLMNOPQRSTUVWXYZ','abcdefghijklmnopqrstuvwxyz'),'orderreference number')] (tried for 10 second(s) with 500 milliseconds interval)
	at org.openqa.selenium.support.ui.WebDriverWait.timeoutException(WebDriverWait.java:87) ~[selenium-support-4.8.2.jar:?]
	at org.openqa.selenium.support.ui.FluentWait.until(FluentWait.java:231) ~[selenium-support-4.8.2.jar:?]
	at com.appiancorp.ps.automatedtest.tempo.interfaces.TempoConfirmationDialog.waitFor(TempoConfirmationDialog.java:54) [appian-selenium-api-23.2.1.jar:?]
	at com.appiancorp.ps.automatedtest.fixture.TempoFixture.verifyConfirmationDialogMessageIsPresent(TempoFixture.java:1692) [appian-selenium-api-23.2.1.jar:?]
	at sun.reflect.NativeMethodAccessorImpl.invoke0(Native Method) ~[?:1.8.0_301]
	at sun.reflect.NativeMethodAccessorImpl.invoke(Unknown Source) ~[?:1.8.0_301]
	at sun.reflect.DelegatingMethodAccessorImpl.invoke(Unknown Source) ~[?:1.8.0_301]
	at java.lang.reflect.Method.invoke(Unknown Source) ~[?:1.8.0_301]
	at fitnesse.slim.fixtureInteraction.SimpleInteraction.methodInvoke(SimpleInteraction.java:322) [fitnesse-20221219-standalone.jar:20221219]
	at fitnesse.slim.fixtureInteraction.SimpleInteraction.callMethod(SimpleInteraction.java:307) [fitnesse-20221219-standalone.jar:20221219]
	at fitnesse.slim.fixtureInteraction.SimpleInteraction.invokeMethod(SimpleInteraction.java:290) [fitnesse-20221219-standalone.jar:20221219]
	at fitnesse.slim.fixtureInteraction.SimpleInteraction.findAndInvoke(SimpleInteraction.java:217) [fitnesse-20221219-standalone.jar:20221219]
	at fitnesse.slim.MethodExecutor.findAndInvoke(MethodExecutor.java:18) [fitnesse-20221219-standalone.jar:20221219]
	at fitnesse.slim.FixtureMethodExecutor.execute(FixtureMethodExecutor.java:18) [fitnesse-20221219-standalone.jar:20221219]
	at fitnesse.slim.StatementExecutor.getMethodExecutionResult(StatementExecutor.java:139) [fitnesse-20221219-standalone.jar:20221219]
	at fitnesse.slim.StatementExecutor.call(StatementExecutor.java:112) [fitnesse-20221219-standalone.jar:20221219]
	at fitnesse.slim.instructions.CallAndOptionalAssignInstruction.executeInternal(CallAndOptionalAssignInstruction.java:30) [fitnesse-20221219-standalone.jar:20221219]
	at fitnesse.slim.instructions.Instruction.execute(Instruction.java:29) [fitnesse-20221219-standalone.jar:20221219]
	at fitnesse.slim.ListExecutor$Executive.executeStatement(ListExecutor.java:49) [fitnesse-20221219-standalone.jar:20221219]
	at fitnesse.slim.ListExecutor$Executive.executeStatements(ListExecutor.java:43) [fitnesse-20221219-standalone.jar:20221219]
	at fitnesse.slim.ListExecutor.execute(ListExecutor.java:85) [fitnesse-20221219-standalone.jar:20221219]
	at fitnesse.slim.SlimServer.executeInstructions(SlimServer.java:84) [fitnesse-20221219-standalone.jar:20221219]
	at fitnesse.slim.SlimServer.processOneSetOfInstructions(SlimServer.java:77) [fitnesse-20221219-standalone.jar:20221219]
	at fitnesse.slim.SlimServer.tryProcessInstructions(SlimServer.java:64) [fitnesse-20221219-standalone.jar:20221219]
	at fitnesse.slim.SlimServer.serve(SlimServer.java:49) [fitnesse-20221219-standalone.jar:20221219]
	at fitnesse.slim.SlimService.handle(SlimService.java:169) [fitnesse-20221219-standalone.jar:20221219]
	at fitnesse.slim.SlimService.acceptOne(SlimService.java:177) [fitnesse-20221219-standalone.jar:20221219]
	at fitnesse.slim.SlimService.accept(SlimService.java:139) [fitnesse-20221219-standalone.jar:20221219]
	at fitnesse.slim.SlimService.startWithFactory(SlimService.java:92) [fitnesse-20221219-standalone.jar:20221219]
	at fitnesse.slim.SlimService.main(SlimService.java:57) [fitnesse-20221219-standalone.jar:20221219]
Caused by: org.openqa.selenium.NoSuchElementException: no such element: Unable to locate element: {"method":"xpath","selector":"//span[contains(@id,'ConfirmationBoxRichTextDisplayFieldbody')]/../following-sibling::div[contains(@class, 'FieldLayout---input_below')]//*[1][contains(translate(text(),'ABCDEFGHIJKLMNOPQRSTUVWXYZ','abcdefghijklmnopqrstuvwxyz'),'orderreference number')]"}
  (Session info: chrome=114.0.5735.199)
For documentation on this error, please visit: https://selenium.dev/exceptions/#no_such_element
Build info: version: '4.8.2', revision: '826dbfc730'
System info: os.name: 'Windows 10', os.arch: 'amd64', os.version: '10.0', java.version: '1.8.0_301'
Driver info: org.openqa.selenium.chrome.ChromeDriver
Command: [5f649130dcba3c67222f550b5cef8d83, findElement {using=xpath, value=//span[contains(@id,'ConfirmationBoxRichTextDisplayFieldbody')]/../following-sibling::div[contains(@class, 'FieldLayout---input_below')]//*[1][contains(translate(text(),'ABCDEFGHIJKLMNOPQRSTUVWXYZ','abcdefghijklmnopqrstuvwxyz'),'orderreference number')]}]
Capabilities {acceptInsecureCerts: false, browserName: chrome, browserVersion: 114.0.5735.199, chrome: {chromedriverVersion: 114.0.5735.90 (386bc09e8f4f..., userDataDir: C:\Users\LAXMID~1\AppData\L...}, goog:chromeOptions: {debuggerAddress: localhost:54590}, networkConnectionEnabled: false, pageLoadStrategy: normal, platformName: WINDOWS, proxy: Proxy(), se:cdp: ws://localhost:54590/devtoo..., se:cdpVersion: 114.0.5735.199, setWindowRect: true, strictFileInteractability: false, timeouts: {implicit: 0, pageLoad: 300000, script: 30000}, unhandledPromptBehavior: dismiss and notify, webauthn:extension:credBlob: true, webauthn:extension:largeBlob: true, webauthn:extension:minPinLength: true, webauthn:extension:prf: true, webauthn:virtualAuthenticators: true}
Session ID: 5f649130dcba3c67222f550b5cef8d83
	at sun.reflect.GeneratedConstructorAccessor20.newInstance(Unknown Source) ~[?:?]
	at sun.reflect.DelegatingConstructorAccessorImpl.newInstance(Unknown Source) ~[?:1.8.0_301]
	at java.lang.reflect.Constructor.newInstance(Unknown Source) ~[?:1.8.0_301]
	at org.openqa.selenium.remote.codec.w3c.W3CHttpResponseCodec.createException(W3CHttpResponseCodec.java:200) ~[selenium-remote-driver-4.8.2.jar:?]
	at org.openqa.selenium.remote.codec.w3c.W3CHttpResponseCodec.decode(W3CHttpResponseCodec.java:133) ~[selenium-remote-driver-4.8.2.jar:?]
	at org.openqa.selenium.remote.codec.w3c.W3CHttpResponseCodec.decode(W3CHttpResponseCodec.java:53) ~[selenium-remote-driver-4.8.2.jar:?]
	at org.openqa.selenium.remote.HttpCommandExecutor.execute(HttpCommandExecutor.java:193) ~[selenium-remote-driver-4.8.2.jar:?]
	at org.openqa.selenium.remote.service.DriverCommandExecutor.invokeExecute(DriverCommandExecutor.java:183) ~[selenium-remote-driver-4.8.2.jar:?]
	at org.openqa.selenium.remote.service.DriverCommandExecutor.execute(DriverCommandExecutor.java:158) ~[selenium-remote-driver-4.8.2.jar:?]
	at org.openqa.selenium.remote.RemoteWebDriver.execute(RemoteWebDriver.java:543) ~[selenium-remote-driver-4.8.2.jar:?]
	at org.openqa.selenium.remote.ElementLocation$ElementFinder$2.findElement(ElementLocation.java:162) ~[selenium-remote-driver-4.8.2.jar:?]
	at org.openqa.selenium.remote.ElementLocation.findElement(ElementLocation.java:60) ~[selenium-remote-driver-4.8.2.jar:?]
	at org.openqa.selenium.remote.RemoteWebDriver.findElement(RemoteWebDriver.java:352) ~[selenium-remote-driver-4.8.2.jar:?]
	at org.openqa.selenium.remote.RemoteWebDriver.findElement(RemoteWebDriver.java:344) ~[selenium-remote-driver-4.8.2.jar:?]
	at org.openqa.selenium.support.ui.ExpectedConditions$6.apply(ExpectedConditions.java:174) ~[selenium-support-4.8.2.jar:?]
	at org.openqa.selenium.support.ui.ExpectedConditions$6.apply(ExpectedConditions.java:171) ~[selenium-support-4.8.2.jar:?]
	at org.openqa.selenium.support.ui.FluentWait.until(FluentWait.java:208) ~[selenium-support-4.8.2.jar:?]
	... 28 more

19:11:03.355 [main] ERROR com.appiancorp.ps.automatedtest.exception.ExceptionBuilder - Wait for Button - ok
org.openqa.selenium.TimeoutException: Expected condition failed: waiting for presence of element located by: By.xpath: //button[descendant::span[descendant::span[contains(translate(text(),'ABCDEFGHIJKLMNOPQRSTUVWXYZ','abcdefghijklmnopqrstuvwxyz'),'ok')]] and not(contains(@class, 'button-disabled'))] (tried for 10 second(s) with 500 milliseconds interval)
	at org.openqa.selenium.support.ui.WebDriverWait.timeoutException(WebDriverWait.java:87) ~[selenium-support-4.8.2.jar:?]
	at org.openqa.selenium.support.ui.FluentWait.until(FluentWait.java:231) ~[selenium-support-4.8.2.jar:?]
	at com.appiancorp.ps.automatedtest.tempo.interfaces.TempoButton.waitFor(TempoButton.java:70) [appian-selenium-api-23.2.1.jar:?]
	at com.appiancorp.ps.automatedtest.fixture.TempoFixture.clickOnButton(TempoFixture.java:2449) [appian-selenium-api-23.2.1.jar:?]
	at sun.reflect.NativeMethodAccessorImpl.invoke0(Native Method) ~[?:1.8.0_301]
	at sun.reflect.NativeMethodAccessorImpl.invoke(Unknown Source) ~[?:1.8.0_301]
	at sun.reflect.DelegatingMethodAccessorImpl.invoke(Unknown Source) ~[?:1.8.0_301]
	at java.lang.reflect.Method.invoke(Unknown Source) ~[?:1.8.0_301]
	at fitnesse.slim.fixtureInteraction.SimpleInteraction.methodInvoke(SimpleInteraction.java:322) [fitnesse-20221219-standalone.jar:20221219]
	at fitnesse.slim.fixtureInteraction.SimpleInteraction.callMethod(SimpleInteraction.java:307) [fitnesse-20221219-standalone.jar:20221219]
	at fitnesse.slim.fixtureInteraction.SimpleInteraction.invokeMethod(SimpleInteraction.java:290) [fitnesse-20221219-standalone.jar:20221219]
	at fitnesse.slim.fixtureInteraction.SimpleInteraction.findAndInvoke(SimpleInteraction.java:217) [fitnesse-20221219-standalone.jar:20221219]
	at fitnesse.slim.MethodExecutor.findAndInvoke(MethodExecutor.java:18) [fitnesse-20221219-standalone.jar:20221219]
	at fitnesse.slim.FixtureMethodExecutor.execute(FixtureMethodExecutor.java:18) [fitnesse-20221219-standalone.jar:20221219]
	at fitnesse.slim.StatementExecutor.getMethodExecutionResult(StatementExecutor.java:139) [fitnesse-20221219-standalone.jar:20221219]
	at fitnesse.slim.StatementExecutor.call(StatementExecutor.java:112) [fitnesse-20221219-standalone.jar:20221219]
	at fitnesse.slim.instructions.CallAndOptionalAssignInstruction.executeInternal(CallAndOptionalAssignInstruction.java:30) [fitnesse-20221219-standalone.jar:20221219]
	at fitnesse.slim.instructions.Instruction.execute(Instruction.java:29) [fitnesse-20221219-standalone.jar:20221219]
	at fitnesse.slim.ListExecutor$Executive.executeStatement(ListExecutor.java:49) [fitnesse-20221219-standalone.jar:20221219]
	at fitnesse.slim.ListExecutor$Executive.executeStatements(ListExecutor.java:43) [fitnesse-20221219-standalone.jar:20221219]
	at fitnesse.slim.ListExecutor.execute(ListExecutor.java:85) [fitnesse-20221219-standalone.jar:20221219]
	at fitnesse.slim.SlimServer.executeInstructions(SlimServer.java:84) [fitnesse-20221219-standalone.jar:20221219]
	at fitnesse.slim.SlimServer.processOneSetOfInstructions(SlimServer.java:77) [fitnesse-20221219-standalone.jar:20221219]
	at fitnesse.slim.SlimServer.tryProcessInstructions(SlimServer.java:64) [fitnesse-20221219-standalone.jar:20221219]
	at fitnesse.slim.SlimServer.serve(SlimServer.java:49) [fitnesse-20221219-standalone.jar:20221219]
	at fitnesse.slim.SlimService.handle(SlimService.java:169) [fitnesse-20221219-standalone.jar:20221219]
	at fitnesse.slim.SlimService.acceptOne(SlimService.java:177) [fitnesse-20221219-standalone.jar:20221219]
	at fitnesse.slim.SlimService.accept(SlimService.java:139) [fitnesse-20221219-standalone.jar:20221219]
	at fitnesse.slim.SlimService.startWithFactory(SlimService.java:92) [fitnesse-20221219-standalone.jar:20221219]
	at fitnesse.slim.SlimService.main(SlimService.java:57) [fitnesse-20221219-standalone.jar:20221219]
Caused by: org.openqa.selenium.NoSuchElementException: no such element: Unable to locate element: {"method":"xpath","selector":"//button[descendant::span[descendant::span[contains(translate(text(),'ABCDEFGHIJKLMNOPQRSTUVWXYZ','abcdefghijklmnopqrstuvwxyz'),'ok')]] and not(contains(@class, 'button-disabled'))]"}
  (Session info: chrome=114.0.5735.199)
For documentation on this error, please visit: https://selenium.dev/exceptions/#no_such_element
Build info: version: '4.8.2', revision: '826dbfc730'
System info: os.name: 'Windows 10', os.arch: 'amd64', os.version: '10.0', java.version: '1.8.0_301'
Driver info: org.openqa.selenium.chrome.ChromeDriver
Command: [5f649130dcba3c67222f550b5cef8d83, findElement {using=xpath, value=//button[descendant::span[descendant::span[contains(translate(text(),'ABCDEFGHIJKLMNOPQRSTUVWXYZ','abcdefghijklmnopqrstuvwxyz'),'ok')]] and not(contains(@class, 'button-disabled'))]}]
Capabilities {acceptInsecureCerts: false, browserName: chrome, browserVersion: 114.0.5735.199, chrome: {chromedriverVersion: 114.0.5735.90 (386bc09e8f4f..., userDataDir: C:\Users\LAXMID~1\AppData\L...}, goog:chromeOptions: {debuggerAddress: localhost:54590}, networkConnectionEnabled: false, pageLoadStrategy: normal, platformName: WINDOWS, proxy: Proxy(), se:cdp: ws://localhost:54590/devtoo..., se:cdpVersion: 114.0.5735.199, setWindowRect: true, strictFileInteractability: false, timeouts: {implicit: 0, pageLoad: 300000, script: 30000}, unhandledPromptBehavior: dismiss and notify, webauthn:extension:credBlob: true, webauthn:extension:largeBlob: true, webauthn:extension:minPinLength: true, webauthn:extension:prf: true, webauthn:virtualAuthenticators: true}
Session ID: 5f649130dcba3c67222f550b5cef8d83
	at sun.reflect.GeneratedConstructorAccessor20.newInstance(Unknown Source) ~[?:?]
	at sun.reflect.DelegatingConstructorAccessorImpl.newInstance(Unknown Source) ~[?:1.8.0_301]
	at java.lang.reflect.Constructor.newInstance(Unknown Source) ~[?:1.8.0_301]
	at org.openqa.selenium.remote.codec.w3c.W3CHttpResponseCodec.createException(W3CHttpResponseCodec.java:200) ~[selenium-remote-driver-4.8.2.jar:?]
	at org.openqa.selenium.remote.codec.w3c.W3CHttpResponseCodec.decode(W3CHttpResponseCodec.java:133) ~[selenium-remote-driver-4.8.2.jar:?]
	at org.openqa.selenium.remote.codec.w3c.W3CHttpResponseCodec.decode(W3CHttpResponseCodec.java:53) ~[selenium-remote-driver-4.8.2.jar:?]
	at org.openqa.selenium.remote.HttpCommandExecutor.execute(HttpCommandExecutor.java:193) ~[selenium-remote-driver-4.8.2.jar:?]
	at org.openqa.selenium.remote.service.DriverCommandExecutor.invokeExecute(DriverCommandExecutor.java:183) ~[selenium-remote-driver-4.8.2.jar:?]
	at org.openqa.selenium.remote.service.DriverCommandExecutor.execute(DriverCommandExecutor.java:158) ~[selenium-remote-driver-4.8.2.jar:?]
	at org.openqa.selenium.remote.RemoteWebDriver.execute(RemoteWebDriver.java:543) ~[selenium-remote-driver-4.8.2.jar:?]
	at org.openqa.selenium.remote.ElementLocation$ElementFinder$2.findElement(ElementLocation.java:162) ~[selenium-remote-driver-4.8.2.jar:?]
	at org.openqa.selenium.remote.ElementLocation.findElement(ElementLocation.java:60) ~[selenium-remote-driver-4.8.2.jar:?]
	at org.openqa.selenium.remote.RemoteWebDriver.findElement(RemoteWebDriver.java:352) ~[selenium-remote-driver-4.8.2.jar:?]
	at org.openqa.selenium.remote.RemoteWebDriver.findElement(RemoteWebDriver.java:344) ~[selenium-remote-driver-4.8.2.jar:?]
	at org.openqa.selenium.support.ui.ExpectedConditions$6.apply(ExpectedConditions.java:174) ~[selenium-support-4.8.2.jar:?]
	at org.openqa.selenium.support.ui.ExpectedConditions$6.apply(ExpectedConditions.java:171) ~[selenium-support-4.8.2.jar:?]
	at org.openqa.selenium.support.ui.FluentWait.until(FluentWait.java:208) ~[selenium-support-4.8.2.jar:?]
	... 28 more

</stdOut>
    <stdErr>ERROR StatusLogger Reconfiguration failed: No configuration found for '1d44bcfa' at 'null' in 'null'
SLF4J: Class path contains multiple SLF4J bindings.
SLF4J: Found binding in [jar:file:/C:/FinalFitnesse/lib/fitnesse-20221219-standalone.jar!/org/slf4j/impl/StaticLoggerBinder.class]
SLF4J: Found binding in [jar:file:/C:/FinalFitnesse/lib/slf4j-jdk14-1.7.36.jar!/org/slf4j/impl/StaticLoggerBinder.class]
SLF4J: See http://www.slf4j.org/codes.html#multiple_bindings for an explanation.
SLF4J: Actual binding is of type [org.slf4j.impl.JDK14LoggerFactory]
ChromeDriver was started successfully.

Jul 11, 2023 7:08:02 PM org.openqa.selenium.devtools.CdpVersionFinder findNearestMatch
WARNING: Unable to find an exact match for CDP version 114, so returning the closest version found: 111

java.text.ParseException: Unable to parse the date: !today (mm/dd/yyyy)
	at org.apache.commons.lang3.time.DateUtils.parseDateWithLeniency(DateUtils.java:388)
	at org.apache.commons.lang3.time.DateUtils.parseDateStrictly(DateUtils.java:344)
	at org.apache.commons.lang3.time.DateUtils.parseDateStrictly(DateUtils.java:322)
	at com.appiancorp.ps.automatedtest.common.AppianObject.parseDate(AppianObject.java:212)
	at com.appiancorp.ps.automatedtest.tempo.interfaces.TempoDateField.populate(TempoDateField.java:56)
	at com.appiancorp.ps.automatedtest.tempo.interfaces.TempoFieldFactory.populate(TempoFieldFactory.java:89)
	at com.appiancorp.ps.automatedtest.tempo.interfaces.TempoGridCell.populate(TempoGridCell.java:119)
	at com.appiancorp.ps.automatedtest.tempo.interfaces.TempoGridCell.populateMultiple(TempoGridCell.java:102)
	at com.appiancorp.ps.automatedtest.tempo.interfaces.TempoGridCell.populateMultiple(TempoGridCell.java:88)
	at com.appiancorp.ps.automatedtest.fixture.TempoFixture.populateGridColumnRowWith(TempoFixture.java:1910)
	at sun.reflect.NativeMethodAccessorImpl.invoke0(Native Method)
	at sun.reflect.NativeMethodAccessorImpl.invoke(Unknown Source)
	at sun.reflect.DelegatingMethodAccessorImpl.invoke(Unknown Source)
	at java.lang.reflect.Method.invoke(Unknown Source)
	at fitnesse.slim.fixtureInteraction.SimpleInteraction.methodInvoke(SimpleInteraction.java:322)
	at fitnesse.slim.fixtureInteraction.SimpleInteraction.callMethod(SimpleInteraction.java:307)
	at fitnesse.slim.fixtureInteraction.SimpleInteraction.invokeMethod(SimpleInteraction.java:290)
	at fitnesse.slim.fixtureInteraction.SimpleInteraction.findAndInvoke(SimpleInteraction.java:217)
	at fitnesse.slim.MethodExecutor.findAndInvoke(MethodExecutor.java:18)
	at fitnesse.slim.FixtureMethodExecutor.execute(FixtureMethodExecutor.java:18)
	at fitnesse.slim.StatementExecutor.getMethodExecutionResult(StatementExecutor.java:139)
	at fitnesse.slim.StatementExecutor.call(StatementExecutor.java:112)
	at fitnesse.slim.instructions.CallAndOptionalAssignInstruction.executeInternal(CallAndOptionalAssignInstruction.java:30)
	at fitnesse.slim.instructions.Instruction.execute(Instruction.java:29)
	at fitnesse.slim.ListExecutor$Executive.executeStatement(ListExecutor.java:49)
	at fitnesse.slim.ListExecutor$Executive.executeStatements(ListExecutor.java:43)
	at fitnesse.slim.ListExecutor.execute(ListExecutor.java:85)
	at fitnesse.slim.SlimServer.executeInstructions(SlimServer.java:84)
	at fitnesse.slim.SlimServer.processOneSetOfInstructions(SlimServer.java:77)
	at fitnesse.slim.SlimServer.tryProcessInstructions(SlimServer.java:64)
	at fitnesse.slim.SlimServer.serve(SlimServer.java:49)
	at fitnesse.slim.SlimService.handle(SlimService.java:169)
	at fitnesse.slim.SlimService.acceptOne(SlimService.java:177)
	at fitnesse.slim.SlimService.accept(SlimService.java:139)
	at fitnesse.slim.SlimService.startWithFactory(SlimService.java:92)
	at fitnesse.slim.SlimService.main(SlimService.java:57)
</stdErr>
  </executionLog>
  <finalCounts>
    <right>0</right>
    <wrong>0</wrong>
    <ignores>0</ignores>
    <exceptions>1</exceptions>
  </finalCounts>
  <totalRunTimeInMillis>207235</totalRunTimeInMillis>
</testResults>

